#! /usr/bin/vvp
:ivl_version "12.0 (stable)";
:ivl_delay_selection "TYPICAL";
:vpi_time_precision - 12;
:vpi_module "/usr/lib/x86_64-linux-gnu/ivl/system.vpi";
:vpi_module "/usr/lib/x86_64-linux-gnu/ivl/vhdl_sys.vpi";
:vpi_module "/usr/lib/x86_64-linux-gnu/ivl/vhdl_textio.vpi";
:vpi_module "/usr/lib/x86_64-linux-gnu/ivl/v2005_math.vpi";
:vpi_module "/usr/lib/x86_64-linux-gnu/ivl/va_math.vpi";
:vpi_module "/usr/lib/x86_64-linux-gnu/ivl/v2009.vpi";
S_0x55d4e4afd270 .scope package, "$unit" "$unit" 2 1;
 .timescale 0 0;
S_0x55d4e4ac8e60 .scope module, "systolic_array_4x4_tb" "systolic_array_4x4_tb" 3 3;
 .timescale -9 -12;
P_0x55d4e4a83040 .param/l "DATA_WIDTH" 0 3 5, +C4<00000000000000000000000000010000>;
L_0x55d4e4b415d0 .functor BUFZ 32, v0x55d4e4b0d230_0, C4<00000000000000000000000000000000>, C4<00000000000000000000000000000000>, C4<00000000000000000000000000000000>;
L_0x55d4e4b41690 .functor BUFZ 32, v0x55d4e4b0eee0_0, C4<00000000000000000000000000000000>, C4<00000000000000000000000000000000>, C4<00000000000000000000000000000000>;
L_0x55d4e4b417b0 .functor BUFZ 32, v0x55d4e4b10b30_0, C4<00000000000000000000000000000000>, C4<00000000000000000000000000000000>, C4<00000000000000000000000000000000>;
L_0x55d4e4b41820 .functor BUFZ 32, v0x55d4e4b12790_0, C4<00000000000000000000000000000000>, C4<00000000000000000000000000000000>, C4<00000000000000000000000000000000>;
L_0x55d4e4b41950 .functor BUFZ 32, v0x55d4e4b14690_0, C4<00000000000000000000000000000000>, C4<00000000000000000000000000000000>, C4<00000000000000000000000000000000>;
L_0x55d4e4b41a10 .functor BUFZ 32, v0x55d4e4b16330_0, C4<00000000000000000000000000000000>, C4<00000000000000000000000000000000>, C4<00000000000000000000000000000000>;
L_0x55d4e4b418e0 .functor BUFZ 32, v0x55d4e4b17f60_0, C4<00000000000000000000000000000000>, C4<00000000000000000000000000000000>, C4<00000000000000000000000000000000>;
L_0x55d4e4b41ba0 .functor BUFZ 32, v0x55d4e4b19b80_0, C4<00000000000000000000000000000000>, C4<00000000000000000000000000000000>, C4<00000000000000000000000000000000>;
L_0x55d4e4b41cf0 .functor BUFZ 32, v0x55d4e4b1ba90_0, C4<00000000000000000000000000000000>, C4<00000000000000000000000000000000>, C4<00000000000000000000000000000000>;
L_0x55d4e4b41db0 .functor BUFZ 32, v0x55d4e4b1d620_0, C4<00000000000000000000000000000000>, C4<00000000000000000000000000000000>, C4<00000000000000000000000000000000>;
L_0x55d4e4b41f10 .functor BUFZ 32, v0x55d4e4b1f1c0_0, C4<00000000000000000000000000000000>, C4<00000000000000000000000000000000>, C4<00000000000000000000000000000000>;
L_0x55d4e4b41fd0 .functor BUFZ 32, v0x55d4e4b20de0_0, C4<00000000000000000000000000000000>, C4<00000000000000000000000000000000>, C4<00000000000000000000000000000000>;
L_0x55d4e4b42140 .functor BUFZ 32, v0x55d4e4b22ce0_0, C4<00000000000000000000000000000000>, C4<00000000000000000000000000000000>, C4<00000000000000000000000000000000>;
L_0x55d4e4b42200 .functor BUFZ 32, v0x55d4e4b24900_0, C4<00000000000000000000000000000000>, C4<00000000000000000000000000000000>, C4<00000000000000000000000000000000>;
L_0x55d4e4b42380 .functor BUFZ 32, v0x55d4e4b26530_0, C4<00000000000000000000000000000000>, C4<00000000000000000000000000000000>, C4<00000000000000000000000000000000>;
L_0x55d4e4b42440 .functor BUFZ 32, v0x55d4e4b28150_0, C4<00000000000000000000000000000000>, C4<00000000000000000000000000000000>, C4<00000000000000000000000000000000>;
v0x55d4e4b2a3b0 .array "a_in_row", 3 0, 15 0;
v0x55d4e4b2a480 .array "b_in_col", 3 0, 15 0;
v0x55d4e4b2a550 .array "c_out", 15 0;
v0x55d4e4b2a550_0 .net v0x55d4e4b2a550 0, 31 0, L_0x55d4e4b415d0; 1 drivers
v0x55d4e4b2a550_1 .net v0x55d4e4b2a550 1, 31 0, L_0x55d4e4b41690; 1 drivers
v0x55d4e4b2a550_2 .net v0x55d4e4b2a550 2, 31 0, L_0x55d4e4b417b0; 1 drivers
v0x55d4e4b2a550_3 .net v0x55d4e4b2a550 3, 31 0, L_0x55d4e4b41820; 1 drivers
v0x55d4e4b2a550_4 .net v0x55d4e4b2a550 4, 31 0, L_0x55d4e4b41950; 1 drivers
v0x55d4e4b2a550_5 .net v0x55d4e4b2a550 5, 31 0, L_0x55d4e4b41a10; 1 drivers
v0x55d4e4b2a550_6 .net v0x55d4e4b2a550 6, 31 0, L_0x55d4e4b418e0; 1 drivers
v0x55d4e4b2a550_7 .net v0x55d4e4b2a550 7, 31 0, L_0x55d4e4b41ba0; 1 drivers
v0x55d4e4b2a550_8 .net v0x55d4e4b2a550 8, 31 0, L_0x55d4e4b41cf0; 1 drivers
v0x55d4e4b2a550_9 .net v0x55d4e4b2a550 9, 31 0, L_0x55d4e4b41db0; 1 drivers
v0x55d4e4b2a550_10 .net v0x55d4e4b2a550 10, 31 0, L_0x55d4e4b41f10; 1 drivers
v0x55d4e4b2a550_11 .net v0x55d4e4b2a550 11, 31 0, L_0x55d4e4b41fd0; 1 drivers
v0x55d4e4b2a550_12 .net v0x55d4e4b2a550 12, 31 0, L_0x55d4e4b42140; 1 drivers
v0x55d4e4b2a550_13 .net v0x55d4e4b2a550 13, 31 0, L_0x55d4e4b42200; 1 drivers
v0x55d4e4b2a550_14 .net v0x55d4e4b2a550 14, 31 0, L_0x55d4e4b42380; 1 drivers
v0x55d4e4b2a550_15 .net v0x55d4e4b2a550 15, 31 0, L_0x55d4e4b42440; 1 drivers
v0x55d4e4b2a6b0_0 .var "clk", 0 0;
v0x55d4e4b2a750_0 .var/i "i", 31 0;
v0x55d4e4b2a7f0_0 .var "reset", 0 0;
v0x55d4e4b2a890_0 .var "valid_in", 0 0;
v0x55d4e4b2a930_0 .net "valid_out", 0 0, L_0x55d4e4b40db0;  1 drivers
S_0x55d4e4ac0b80 .scope module, "dut" "systolic_array_4x4" 3 20, 4 3 0, S_0x55d4e4ac8e60;
 .timescale -9 -12;
    .port_info 0 /INPUT 1 "clk";
    .port_info 1 /INPUT 1 "reset";
    .port_info 2 /INPUT 64 "a_in_row";
    .port_info 3 /INPUT 64 "b_in_col";
    .port_info 4 /INPUT 1 "valid_in";
    .port_info 5 /OUTPUT 512 "c_out";
    .port_info 6 /OUTPUT 1 "valid_out";
P_0x55d4e4af2230 .param/l "DATA_WIDTH" 0 4 4, +C4<00000000000000000000000000010000>;
L_0x55d4e4b40db0 .functor BUFZ 1, v0x55d4e4b28510_0, C4<0>, C4<0>, C4<0>;
v0x55d4e4b2a3b0_0 .array/port v0x55d4e4b2a3b0, 0;
v0x55d4e4b289a0 .array "a_in_row", 3 0;
v0x55d4e4b289a0_0 .net v0x55d4e4b289a0 0, 15 0, v0x55d4e4b2a3b0_0; 1 drivers
v0x55d4e4b2a3b0_1 .array/port v0x55d4e4b2a3b0, 1;
v0x55d4e4b289a0_1 .net v0x55d4e4b289a0 1, 15 0, v0x55d4e4b2a3b0_1; 1 drivers
v0x55d4e4b2a3b0_2 .array/port v0x55d4e4b2a3b0, 2;
v0x55d4e4b289a0_2 .net v0x55d4e4b289a0 2, 15 0, v0x55d4e4b2a3b0_2; 1 drivers
v0x55d4e4b2a3b0_3 .array/port v0x55d4e4b2a3b0, 3;
v0x55d4e4b289a0_3 .net v0x55d4e4b289a0 3, 15 0, v0x55d4e4b2a3b0_3; 1 drivers
v0x55d4e4b28ad0 .array "a_wire", 15 0;
v0x55d4e4b28ad0_0 .net v0x55d4e4b28ad0 0, 15 0, v0x55d4e4ac32f0_0; 1 drivers
v0x55d4e4b28ad0_1 .net v0x55d4e4b28ad0 1, 15 0, v0x55d4e4b0ec40_0; 1 drivers
v0x55d4e4b28ad0_2 .net v0x55d4e4b28ad0 2, 15 0, v0x55d4e4b10890_0; 1 drivers
v0x55d4e4b28ad0_3 .net v0x55d4e4b28ad0 3, 15 0, v0x55d4e4b124f0_0; 1 drivers
v0x55d4e4b28ad0_4 .net v0x55d4e4b28ad0 4, 15 0, v0x55d4e4b143f0_0; 1 drivers
v0x55d4e4b28ad0_5 .net v0x55d4e4b28ad0 5, 15 0, v0x55d4e4b16090_0; 1 drivers
v0x55d4e4b28ad0_6 .net v0x55d4e4b28ad0 6, 15 0, v0x55d4e4b17cc0_0; 1 drivers
v0x55d4e4b28ad0_7 .net v0x55d4e4b28ad0 7, 15 0, v0x55d4e4b198e0_0; 1 drivers
v0x55d4e4b28ad0_8 .net v0x55d4e4b28ad0 8, 15 0, v0x55d4e4b1b7f0_0; 1 drivers
v0x55d4e4b28ad0_9 .net v0x55d4e4b28ad0 9, 15 0, v0x55d4e4b1d380_0; 1 drivers
v0x55d4e4b28ad0_10 .net v0x55d4e4b28ad0 10, 15 0, v0x55d4e4b1ef20_0; 1 drivers
v0x55d4e4b28ad0_11 .net v0x55d4e4b28ad0 11, 15 0, v0x55d4e4b20b40_0; 1 drivers
v0x55d4e4b28ad0_12 .net v0x55d4e4b28ad0 12, 15 0, v0x55d4e4b22a40_0; 1 drivers
v0x55d4e4b28ad0_13 .net v0x55d4e4b28ad0 13, 15 0, v0x55d4e4b24660_0; 1 drivers
v0x55d4e4b28ad0_14 .net v0x55d4e4b28ad0 14, 15 0, v0x55d4e4b26290_0; 1 drivers
v0x55d4e4b28ad0_15 .net v0x55d4e4b28ad0 15, 15 0, v0x55d4e4b27eb0_0; 1 drivers
v0x55d4e4b2a480_0 .array/port v0x55d4e4b2a480, 0;
v0x55d4e4b28f20 .array "b_in_col", 3 0;
v0x55d4e4b28f20_0 .net v0x55d4e4b28f20 0, 15 0, v0x55d4e4b2a480_0; 1 drivers
v0x55d4e4b2a480_1 .array/port v0x55d4e4b2a480, 1;
v0x55d4e4b28f20_1 .net v0x55d4e4b28f20 1, 15 0, v0x55d4e4b2a480_1; 1 drivers
v0x55d4e4b2a480_2 .array/port v0x55d4e4b2a480, 2;
v0x55d4e4b28f20_2 .net v0x55d4e4b28f20 2, 15 0, v0x55d4e4b2a480_2; 1 drivers
v0x55d4e4b2a480_3 .array/port v0x55d4e4b2a480, 3;
v0x55d4e4b28f20_3 .net v0x55d4e4b28f20 3, 15 0, v0x55d4e4b2a480_3; 1 drivers
v0x55d4e4b29020 .array "b_wire", 15 0;
v0x55d4e4b29020_0 .net v0x55d4e4b29020 0, 15 0, v0x55d4e4b0d150_0; 1 drivers
v0x55d4e4b29020_1 .net v0x55d4e4b29020 1, 15 0, v0x55d4e4b0ee00_0; 1 drivers
v0x55d4e4b29020_2 .net v0x55d4e4b29020 2, 15 0, v0x55d4e4b10a50_0; 1 drivers
v0x55d4e4b29020_3 .net v0x55d4e4b29020 3, 15 0, v0x55d4e4b126b0_0; 1 drivers
v0x55d4e4b29020_4 .net v0x55d4e4b29020 4, 15 0, v0x55d4e4b145b0_0; 1 drivers
v0x55d4e4b29020_5 .net v0x55d4e4b29020 5, 15 0, v0x55d4e4b16250_0; 1 drivers
v0x55d4e4b29020_6 .net v0x55d4e4b29020 6, 15 0, v0x55d4e4b17e80_0; 1 drivers
v0x55d4e4b29020_7 .net v0x55d4e4b29020 7, 15 0, v0x55d4e4b19aa0_0; 1 drivers
v0x55d4e4b29020_8 .net v0x55d4e4b29020 8, 15 0, v0x55d4e4b1b9b0_0; 1 drivers
v0x55d4e4b29020_9 .net v0x55d4e4b29020 9, 15 0, v0x55d4e4b1d540_0; 1 drivers
v0x55d4e4b29020_10 .net v0x55d4e4b29020 10, 15 0, v0x55d4e4b1f0e0_0; 1 drivers
v0x55d4e4b29020_11 .net v0x55d4e4b29020 11, 15 0, v0x55d4e4b20d00_0; 1 drivers
v0x55d4e4b29020_12 .net v0x55d4e4b29020 12, 15 0, v0x55d4e4b22c00_0; 1 drivers
v0x55d4e4b29020_13 .net v0x55d4e4b29020 13, 15 0, v0x55d4e4b24820_0; 1 drivers
v0x55d4e4b29020_14 .net v0x55d4e4b29020 14, 15 0, v0x55d4e4b26450_0; 1 drivers
v0x55d4e4b29020_15 .net v0x55d4e4b29020 15, 15 0, v0x55d4e4b28070_0; 1 drivers
v0x55d4e4b29450 .array "c_out", 15 0;
v0x55d4e4b29450_0 .net v0x55d4e4b29450 0, 31 0, v0x55d4e4b0d230_0; 1 drivers
v0x55d4e4b29450_1 .net v0x55d4e4b29450 1, 31 0, v0x55d4e4b0eee0_0; 1 drivers
v0x55d4e4b29450_2 .net v0x55d4e4b29450 2, 31 0, v0x55d4e4b10b30_0; 1 drivers
v0x55d4e4b29450_3 .net v0x55d4e4b29450 3, 31 0, v0x55d4e4b12790_0; 1 drivers
v0x55d4e4b29450_4 .net v0x55d4e4b29450 4, 31 0, v0x55d4e4b14690_0; 1 drivers
v0x55d4e4b29450_5 .net v0x55d4e4b29450 5, 31 0, v0x55d4e4b16330_0; 1 drivers
v0x55d4e4b29450_6 .net v0x55d4e4b29450 6, 31 0, v0x55d4e4b17f60_0; 1 drivers
v0x55d4e4b29450_7 .net v0x55d4e4b29450 7, 31 0, v0x55d4e4b19b80_0; 1 drivers
v0x55d4e4b29450_8 .net v0x55d4e4b29450 8, 31 0, v0x55d4e4b1ba90_0; 1 drivers
v0x55d4e4b29450_9 .net v0x55d4e4b29450 9, 31 0, v0x55d4e4b1d620_0; 1 drivers
v0x55d4e4b29450_10 .net v0x55d4e4b29450 10, 31 0, v0x55d4e4b1f1c0_0; 1 drivers
v0x55d4e4b29450_11 .net v0x55d4e4b29450 11, 31 0, v0x55d4e4b20de0_0; 1 drivers
v0x55d4e4b29450_12 .net v0x55d4e4b29450 12, 31 0, v0x55d4e4b22ce0_0; 1 drivers
v0x55d4e4b29450_13 .net v0x55d4e4b29450 13, 31 0, v0x55d4e4b24900_0; 1 drivers
v0x55d4e4b29450_14 .net v0x55d4e4b29450 14, 31 0, v0x55d4e4b26530_0; 1 drivers
v0x55d4e4b29450_15 .net v0x55d4e4b29450 15, 31 0, v0x55d4e4b28150_0; 1 drivers
v0x55d4e4b29850_0 .net "clk", 0 0, v0x55d4e4b2a6b0_0;  1 drivers
v0x55d4e4b29b00_0 .net "reset", 0 0, v0x55d4e4b2a7f0_0;  1 drivers
v0x55d4e4b29db0_0 .net "valid_in", 0 0, v0x55d4e4b2a890_0;  1 drivers
v0x55d4e4b29e50_0 .net "valid_out", 0 0, L_0x55d4e4b40db0;  alias, 1 drivers
v0x55d4e4b29f80 .array "valid_wire", 15 0;
v0x55d4e4b29f80_0 .net v0x55d4e4b29f80 0, 0 0, v0x55d4e4b0d630_0; 1 drivers
v0x55d4e4b29f80_1 .net v0x55d4e4b29f80 1, 0 0, v0x55d4e4b0f290_0; 1 drivers
v0x55d4e4b29f80_2 .net v0x55d4e4b29f80 2, 0 0, v0x55d4e4b10f40_0; 1 drivers
v0x55d4e4b29f80_3 .net v0x55d4e4b29f80 3, 0 0, v0x55d4e4b12b50_0; 1 drivers
v0x55d4e4b29f80_4 .net v0x55d4e4b29f80 4, 0 0, v0x55d4e4b14b70_0; 1 drivers
v0x55d4e4b29f80_5 .net v0x55d4e4b29f80 5, 0 0, v0x55d4e4b166f0_0; 1 drivers
v0x55d4e4b29f80_6 .net v0x55d4e4b29f80 6, 0 0, v0x55d4e4b18320_0; 1 drivers
v0x55d4e4b29f80_7 .net v0x55d4e4b29f80 7, 0 0, v0x55d4e4b19f40_0; 1 drivers
v0x55d4e4b29f80_8 .net v0x55d4e4b29f80 8, 0 0, v0x55d4e4b1be50_0; 1 drivers
v0x55d4e4b29f80_9 .net v0x55d4e4b29f80 9, 0 0, v0x55d4e4b1d9e0_0; 1 drivers
v0x55d4e4b29f80_10 .net v0x55d4e4b29f80 10, 0 0, v0x55d4e4b1f580_0; 1 drivers
v0x55d4e4b29f80_11 .net v0x55d4e4b29f80 11, 0 0, v0x55d4e4b211a0_0; 1 drivers
v0x55d4e4b29f80_12 .net v0x55d4e4b29f80 12, 0 0, v0x55d4e4b230a0_0; 1 drivers
v0x55d4e4b29f80_13 .net v0x55d4e4b29f80 13, 0 0, v0x55d4e4b24cc0_0; 1 drivers
v0x55d4e4b29f80_14 .net v0x55d4e4b29f80 14, 0 0, v0x55d4e4b268f0_0; 1 drivers
v0x55d4e4b29f80_15 .net v0x55d4e4b29f80 15, 0 0, v0x55d4e4b28510_0; 1 drivers
S_0x55d4e4ac4cf0 .scope generate, "ROW[0]" "ROW[0]" 4 24, 4 24 0, S_0x55d4e4ac0b80;
 .timescale -9 -12;
P_0x55d4e4ae1be0 .param/l "i" 1 4 24, +C4<00>;
S_0x55d4e4afa220 .scope generate, "COL[0]" "COL[0]" 4 25, 4 25 0, S_0x55d4e4ac4cf0;
 .timescale -9 -12;
P_0x55d4e4ad1590 .param/l "j" 1 4 25, +C4<00>;
v0x55d4e4b0d810_0 .net "a_in_local", 15 0, L_0x55d4e4ad7920;  1 drivers
v0x55d4e4b0d8f0_0 .net "b_in_local", 15 0, L_0x55d4e4ad3780;  1 drivers
v0x55d4e4b0d9c0_0 .net "valid_in_local", 0 0, L_0x55d4e4acf5e0;  1 drivers
S_0x55d4e4af9ba0 .scope generate, "genblk1" "genblk1" 4 30, 4 30 0, S_0x55d4e4afa220;
 .timescale -9 -12;
L_0x55d4e4ad7920 .functor BUFZ 16, v0x55d4e4b2a3b0_0, C4<0000000000000000>, C4<0000000000000000>, C4<0000000000000000>;
S_0x55d4e4af6080 .scope generate, "genblk2" "genblk2" 4 36, 4 36 0, S_0x55d4e4afa220;
 .timescale -9 -12;
L_0x55d4e4ad3780 .functor BUFZ 16, v0x55d4e4b2a480_0, C4<0000000000000000>, C4<0000000000000000>, C4<0000000000000000>;
S_0x55d4e4af5a00 .scope generate, "genblk3" "genblk3" 4 42, 4 42 0, S_0x55d4e4afa220;
 .timescale -9 -12;
L_0x55d4e4acf5e0 .functor BUFZ 1, v0x55d4e4b2a890_0, C4<0>, C4<0>, C4<0>;
S_0x55d4e4af1ee0 .scope module, "pe_inst" "pe" 4 51, 5 1 0, S_0x55d4e4afa220;
 .timescale 0 0;
    .port_info 0 /INPUT 1 "clk";
    .port_info 1 /INPUT 1 "reset";
    .port_info 2 /INPUT 16 "a_in";
    .port_info 3 /INPUT 16 "b_in";
    .port_info 4 /INPUT 1 "valid_in";
    .port_info 5 /OUTPUT 1 "valid_out";
    .port_info 6 /OUTPUT 16 "a_out";
    .port_info 7 /OUTPUT 16 "b_out";
    .port_info 8 /OUTPUT 32 "c_out";
P_0x55d4e4afaab0 .param/l "DATA_WIDTH" 0 5 1, +C4<00000000000000000000000000010000>;
v0x55d4e4ad7a80_0 .net *"_ivl_0", 31 0, L_0x55d4e4b2aa00;  1 drivers
L_0x7f47a5ffa018 .functor BUFT 1, C4<0000000000000000>, C4<0>, C4<0>, C4<0>;
v0x55d4e4ad38e0_0 .net *"_ivl_3", 15 0, L_0x7f47a5ffa018;  1 drivers
v0x55d4e4acf740_0 .net *"_ivl_4", 31 0, L_0x55d4e4b3ab80;  1 drivers
L_0x7f47a5ffa060 .functor BUFT 1, C4<0000000000000000>, C4<0>, C4<0>, C4<0>;
v0x55d4e4acb5d0_0 .net *"_ivl_7", 15 0, L_0x7f47a5ffa060;  1 drivers
v0x55d4e4ac7460_0 .net "a_in", 15 0, L_0x55d4e4ad7920;  alias, 1 drivers
v0x55d4e4ac32f0_0 .var "a_out", 15 0;
v0x55d4e4abf180_0 .net "b_in", 15 0, L_0x55d4e4ad3780;  alias, 1 drivers
v0x55d4e4b0d150_0 .var "b_out", 15 0;
v0x55d4e4b0d230_0 .var "c_out", 31 0;
v0x55d4e4b0d310_0 .net "clk", 0 0, v0x55d4e4b2a6b0_0;  alias, 1 drivers
v0x55d4e4b0d3d0_0 .net "mult", 31 0, L_0x55d4e4b3acc0;  1 drivers
v0x55d4e4b0d4b0_0 .net "reset", 0 0, v0x55d4e4b2a7f0_0;  alias, 1 drivers
v0x55d4e4b0d570_0 .net "valid_in", 0 0, L_0x55d4e4acf5e0;  alias, 1 drivers
v0x55d4e4b0d630_0 .var "valid_out", 0 0;
E_0x55d4e4a49c80 .event posedge, v0x55d4e4b0d310_0;
L_0x55d4e4b2aa00 .concat [ 16 16 0 0], L_0x55d4e4ad7920, L_0x7f47a5ffa018;
L_0x55d4e4b3ab80 .concat [ 16 16 0 0], L_0x55d4e4ad3780, L_0x7f47a5ffa060;
L_0x55d4e4b3acc0 .arith/mult 32, L_0x55d4e4b2aa00, L_0x55d4e4b3ab80;
S_0x55d4e4b0dac0 .scope generate, "COL[1]" "COL[1]" 4 25, 4 25 0, S_0x55d4e4ac4cf0;
 .timescale -9 -12;
P_0x55d4e4b0dca0 .param/l "j" 1 4 25, +C4<01>;
v0x55d4e4b0f470_0 .net "a_in_local", 15 0, L_0x55d4e4acb470;  1 drivers
v0x55d4e4b0f580_0 .net "b_in_local", 15 0, L_0x55d4e4ac7300;  1 drivers
v0x55d4e4b0f650_0 .net "valid_in_local", 0 0, L_0x55d4e4ac3190;  1 drivers
S_0x55d4e4b0dd40 .scope generate, "genblk1" "genblk1" 4 30, 4 30 0, S_0x55d4e4b0dac0;
 .timescale -9 -12;
L_0x55d4e4acb470 .functor BUFZ 16, v0x55d4e4ac32f0_0, C4<0000000000000000>, C4<0000000000000000>, C4<0000000000000000>;
S_0x55d4e4b0df20 .scope generate, "genblk2" "genblk2" 4 36, 4 36 0, S_0x55d4e4b0dac0;
 .timescale -9 -12;
L_0x55d4e4ac7300 .functor BUFZ 16, v0x55d4e4b2a480_1, C4<0000000000000000>, C4<0000000000000000>, C4<0000000000000000>;
S_0x55d4e4b0e120 .scope generate, "genblk3" "genblk3" 4 44, 4 44 0, S_0x55d4e4b0dac0;
 .timescale -9 -12;
L_0x55d4e4ac3190 .functor BUFZ 1, v0x55d4e4b0d630_0, C4<0>, C4<0>, C4<0>;
S_0x55d4e4b0e330 .scope module, "pe_inst" "pe" 4 51, 5 1 0, S_0x55d4e4b0dac0;
 .timescale 0 0;
    .port_info 0 /INPUT 1 "clk";
    .port_info 1 /INPUT 1 "reset";
    .port_info 2 /INPUT 16 "a_in";
    .port_info 3 /INPUT 16 "b_in";
    .port_info 4 /INPUT 1 "valid_in";
    .port_info 5 /OUTPUT 1 "valid_out";
    .port_info 6 /OUTPUT 16 "a_out";
    .port_info 7 /OUTPUT 16 "b_out";
    .port_info 8 /OUTPUT 32 "c_out";
P_0x55d4e4b0e510 .param/l "DATA_WIDTH" 0 5 1, +C4<00000000000000000000000000010000>;
v0x55d4e4b0e7a0_0 .net *"_ivl_0", 31 0, L_0x55d4e4b3aea0;  1 drivers
L_0x7f47a5ffa0a8 .functor BUFT 1, C4<0000000000000000>, C4<0>, C4<0>, C4<0>;
v0x55d4e4b0e860_0 .net *"_ivl_3", 15 0, L_0x7f47a5ffa0a8;  1 drivers
v0x55d4e4b0e940_0 .net *"_ivl_4", 31 0, L_0x55d4e4b3afe0;  1 drivers
L_0x7f47a5ffa0f0 .functor BUFT 1, C4<0000000000000000>, C4<0>, C4<0>, C4<0>;
v0x55d4e4b0ea30_0 .net *"_ivl_7", 15 0, L_0x7f47a5ffa0f0;  1 drivers
v0x55d4e4b0eb10_0 .net "a_in", 15 0, L_0x55d4e4acb470;  alias, 1 drivers
v0x55d4e4b0ec40_0 .var "a_out", 15 0;
v0x55d4e4b0ed20_0 .net "b_in", 15 0, L_0x55d4e4ac7300;  alias, 1 drivers
v0x55d4e4b0ee00_0 .var "b_out", 15 0;
v0x55d4e4b0eee0_0 .var "c_out", 31 0;
v0x55d4e4b0efc0_0 .net "clk", 0 0, v0x55d4e4b2a6b0_0;  alias, 1 drivers
v0x55d4e4b0f060_0 .net "mult", 31 0, L_0x55d4e4b3b120;  1 drivers
v0x55d4e4b0f120_0 .net "reset", 0 0, v0x55d4e4b2a7f0_0;  alias, 1 drivers
v0x55d4e4b0f1f0_0 .net "valid_in", 0 0, L_0x55d4e4ac3190;  alias, 1 drivers
v0x55d4e4b0f290_0 .var "valid_out", 0 0;
L_0x55d4e4b3aea0 .concat [ 16 16 0 0], L_0x55d4e4acb470, L_0x7f47a5ffa0a8;
L_0x55d4e4b3afe0 .concat [ 16 16 0 0], L_0x55d4e4ac7300, L_0x7f47a5ffa0f0;
L_0x55d4e4b3b120 .arith/mult 32, L_0x55d4e4b3aea0, L_0x55d4e4b3afe0;
S_0x55d4e4b0f750 .scope generate, "COL[2]" "COL[2]" 4 25, 4 25 0, S_0x55d4e4ac4cf0;
 .timescale -9 -12;
P_0x55d4e4b0f910 .param/l "j" 1 4 25, +C4<010>;
v0x55d4e4b11170_0 .net "a_in_local", 15 0, L_0x55d4e4abf020;  1 drivers
v0x55d4e4b11250_0 .net "b_in_local", 15 0, L_0x55d4e4b3b7b0;  1 drivers
v0x55d4e4b112f0_0 .net "valid_in_local", 0 0, L_0x55d4e4b3b820;  1 drivers
S_0x55d4e4b0f9b0 .scope generate, "genblk1" "genblk1" 4 30, 4 30 0, S_0x55d4e4b0f750;
 .timescale -9 -12;
L_0x55d4e4abf020 .functor BUFZ 16, v0x55d4e4b0ec40_0, C4<0000000000000000>, C4<0000000000000000>, C4<0000000000000000>;
S_0x55d4e4b0fb90 .scope generate, "genblk2" "genblk2" 4 36, 4 36 0, S_0x55d4e4b0f750;
 .timescale -9 -12;
L_0x55d4e4b3b7b0 .functor BUFZ 16, v0x55d4e4b2a480_2, C4<0000000000000000>, C4<0000000000000000>, C4<0000000000000000>;
S_0x55d4e4b0fd70 .scope generate, "genblk3" "genblk3" 4 44, 4 44 0, S_0x55d4e4b0f750;
 .timescale -9 -12;
L_0x55d4e4b3b820 .functor BUFZ 1, v0x55d4e4b0f290_0, C4<0>, C4<0>, C4<0>;
S_0x55d4e4b0ff80 .scope module, "pe_inst" "pe" 4 51, 5 1 0, S_0x55d4e4b0f750;
 .timescale 0 0;
    .port_info 0 /INPUT 1 "clk";
    .port_info 1 /INPUT 1 "reset";
    .port_info 2 /INPUT 16 "a_in";
    .port_info 3 /INPUT 16 "b_in";
    .port_info 4 /INPUT 1 "valid_in";
    .port_info 5 /OUTPUT 1 "valid_out";
    .port_info 6 /OUTPUT 16 "a_out";
    .port_info 7 /OUTPUT 16 "b_out";
    .port_info 8 /OUTPUT 32 "c_out";
P_0x55d4e4b10160 .param/l "DATA_WIDTH" 0 5 1, +C4<00000000000000000000000000010000>;
v0x55d4e4b103f0_0 .net *"_ivl_0", 31 0, L_0x55d4e4b3b350;  1 drivers
L_0x7f47a5ffa138 .functor BUFT 1, C4<0000000000000000>, C4<0>, C4<0>, C4<0>;
v0x55d4e4b104b0_0 .net *"_ivl_3", 15 0, L_0x7f47a5ffa138;  1 drivers
v0x55d4e4b10590_0 .net *"_ivl_4", 31 0, L_0x55d4e4b3b4e0;  1 drivers
L_0x7f47a5ffa180 .functor BUFT 1, C4<0000000000000000>, C4<0>, C4<0>, C4<0>;
v0x55d4e4b10680_0 .net *"_ivl_7", 15 0, L_0x7f47a5ffa180;  1 drivers
v0x55d4e4b10760_0 .net "a_in", 15 0, L_0x55d4e4abf020;  alias, 1 drivers
v0x55d4e4b10890_0 .var "a_out", 15 0;
v0x55d4e4b10970_0 .net "b_in", 15 0, L_0x55d4e4b3b7b0;  alias, 1 drivers
v0x55d4e4b10a50_0 .var "b_out", 15 0;
v0x55d4e4b10b30_0 .var "c_out", 31 0;
v0x55d4e4b10c10_0 .net "clk", 0 0, v0x55d4e4b2a6b0_0;  alias, 1 drivers
v0x55d4e4b10cb0_0 .net "mult", 31 0, L_0x55d4e4b3b620;  1 drivers
v0x55d4e4b10d90_0 .net "reset", 0 0, v0x55d4e4b2a7f0_0;  alias, 1 drivers
v0x55d4e4b10e80_0 .net "valid_in", 0 0, L_0x55d4e4b3b820;  alias, 1 drivers
v0x55d4e4b10f40_0 .var "valid_out", 0 0;
L_0x55d4e4b3b350 .concat [ 16 16 0 0], L_0x55d4e4abf020, L_0x7f47a5ffa138;
L_0x55d4e4b3b4e0 .concat [ 16 16 0 0], L_0x55d4e4b3b7b0, L_0x7f47a5ffa180;
L_0x55d4e4b3b620 .arith/mult 32, L_0x55d4e4b3b350, L_0x55d4e4b3b4e0;
S_0x55d4e4b113c0 .scope generate, "COL[3]" "COL[3]" 4 25, 4 25 0, S_0x55d4e4ac4cf0;
 .timescale -9 -12;
P_0x55d4e4b11550 .param/l "j" 1 4 25, +C4<011>;
v0x55d4e4b12d30_0 .net "a_in_local", 15 0, L_0x55d4e4b3bcf0;  1 drivers
v0x55d4e4b12e10_0 .net "b_in_local", 15 0, L_0x55d4e4b3bdb0;  1 drivers
v0x55d4e4b12ee0_0 .net "valid_in_local", 0 0, L_0x55d4e4b3be20;  1 drivers
S_0x55d4e4b115f0 .scope generate, "genblk1" "genblk1" 4 30, 4 30 0, S_0x55d4e4b113c0;
 .timescale -9 -12;
L_0x55d4e4b3bcf0 .functor BUFZ 16, v0x55d4e4b10890_0, C4<0000000000000000>, C4<0000000000000000>, C4<0000000000000000>;
S_0x55d4e4b117d0 .scope generate, "genblk2" "genblk2" 4 36, 4 36 0, S_0x55d4e4b113c0;
 .timescale -9 -12;
L_0x55d4e4b3bdb0 .functor BUFZ 16, v0x55d4e4b2a480_3, C4<0000000000000000>, C4<0000000000000000>, C4<0000000000000000>;
S_0x55d4e4b119d0 .scope generate, "genblk3" "genblk3" 4 44, 4 44 0, S_0x55d4e4b113c0;
 .timescale -9 -12;
L_0x55d4e4b3be20 .functor BUFZ 1, v0x55d4e4b10f40_0, C4<0>, C4<0>, C4<0>;
S_0x55d4e4b11be0 .scope module, "pe_inst" "pe" 4 51, 5 1 0, S_0x55d4e4b113c0;
 .timescale 0 0;
    .port_info 0 /INPUT 1 "clk";
    .port_info 1 /INPUT 1 "reset";
    .port_info 2 /INPUT 16 "a_in";
    .port_info 3 /INPUT 16 "b_in";
    .port_info 4 /INPUT 1 "valid_in";
    .port_info 5 /OUTPUT 1 "valid_out";
    .port_info 6 /OUTPUT 16 "a_out";
    .port_info 7 /OUTPUT 16 "b_out";
    .port_info 8 /OUTPUT 32 "c_out";
P_0x55d4e4b11dc0 .param/l "DATA_WIDTH" 0 5 1, +C4<00000000000000000000000000010000>;
v0x55d4e4b12050_0 .net *"_ivl_0", 31 0, L_0x55d4e4b3b930;  1 drivers
L_0x7f47a5ffa1c8 .functor BUFT 1, C4<0000000000000000>, C4<0>, C4<0>, C4<0>;
v0x55d4e4b12110_0 .net *"_ivl_3", 15 0, L_0x7f47a5ffa1c8;  1 drivers
v0x55d4e4b121f0_0 .net *"_ivl_4", 31 0, L_0x55d4e4b3ba70;  1 drivers
L_0x7f47a5ffa210 .functor BUFT 1, C4<0000000000000000>, C4<0>, C4<0>, C4<0>;
v0x55d4e4b122e0_0 .net *"_ivl_7", 15 0, L_0x7f47a5ffa210;  1 drivers
v0x55d4e4b123c0_0 .net "a_in", 15 0, L_0x55d4e4b3bcf0;  alias, 1 drivers
v0x55d4e4b124f0_0 .var "a_out", 15 0;
v0x55d4e4b125d0_0 .net "b_in", 15 0, L_0x55d4e4b3bdb0;  alias, 1 drivers
v0x55d4e4b126b0_0 .var "b_out", 15 0;
v0x55d4e4b12790_0 .var "c_out", 31 0;
v0x55d4e4b12870_0 .net "clk", 0 0, v0x55d4e4b2a6b0_0;  alias, 1 drivers
v0x55d4e4b12910_0 .net "mult", 31 0, L_0x55d4e4b3bbb0;  1 drivers
v0x55d4e4b129f0_0 .net "reset", 0 0, v0x55d4e4b2a7f0_0;  alias, 1 drivers
v0x55d4e4b12a90_0 .net "valid_in", 0 0, L_0x55d4e4b3be20;  alias, 1 drivers
v0x55d4e4b12b50_0 .var "valid_out", 0 0;
L_0x55d4e4b3b930 .concat [ 16 16 0 0], L_0x55d4e4b3bcf0, L_0x7f47a5ffa1c8;
L_0x55d4e4b3ba70 .concat [ 16 16 0 0], L_0x55d4e4b3bdb0, L_0x7f47a5ffa210;
L_0x55d4e4b3bbb0 .arith/mult 32, L_0x55d4e4b3b930, L_0x55d4e4b3ba70;
S_0x55d4e4b12fe0 .scope generate, "ROW[1]" "ROW[1]" 4 24, 4 24 0, S_0x55d4e4ac0b80;
 .timescale -9 -12;
P_0x55d4e4b13170 .param/l "i" 1 4 24, +C4<01>;
S_0x55d4e4b13210 .scope generate, "COL[0]" "COL[0]" 4 25, 4 25 0, S_0x55d4e4b12fe0;
 .timescale -9 -12;
P_0x55d4e4b13410 .param/l "j" 1 4 25, +C4<00>;
v0x55d4e4b14d50_0 .net "a_in_local", 15 0, L_0x55d4e4b3c330;  1 drivers
v0x55d4e4b14e30_0 .net "b_in_local", 15 0, L_0x55d4e4b3c3a0;  1 drivers
v0x55d4e4b14f00_0 .net "valid_in_local", 0 0, L_0x55d4e4b3c460;  1 drivers
S_0x55d4e4b134f0 .scope generate, "genblk1" "genblk1" 4 30, 4 30 0, S_0x55d4e4b13210;
 .timescale -9 -12;
L_0x55d4e4b3c330 .functor BUFZ 16, v0x55d4e4b2a3b0_1, C4<0000000000000000>, C4<0000000000000000>, C4<0000000000000000>;
S_0x55d4e4b136d0 .scope generate, "genblk2" "genblk2" 4 36, 4 36 0, S_0x55d4e4b13210;
 .timescale -9 -12;
L_0x55d4e4b3c3a0 .functor BUFZ 16, v0x55d4e4b0d150_0, C4<0000000000000000>, C4<0000000000000000>, C4<0000000000000000>;
S_0x55d4e4b138d0 .scope generate, "genblk3" "genblk3" 4 44, 4 44 0, S_0x55d4e4b13210;
 .timescale -9 -12;
L_0x55d4e4b3c460 .functor BUFZ 1, v0x55d4e4b0d630_0, C4<0>, C4<0>, C4<0>;
S_0x55d4e4b13ae0 .scope module, "pe_inst" "pe" 4 51, 5 1 0, S_0x55d4e4b13210;
 .timescale 0 0;
    .port_info 0 /INPUT 1 "clk";
    .port_info 1 /INPUT 1 "reset";
    .port_info 2 /INPUT 16 "a_in";
    .port_info 3 /INPUT 16 "b_in";
    .port_info 4 /INPUT 1 "valid_in";
    .port_info 5 /OUTPUT 1 "valid_out";
    .port_info 6 /OUTPUT 16 "a_out";
    .port_info 7 /OUTPUT 16 "b_out";
    .port_info 8 /OUTPUT 32 "c_out";
P_0x55d4e4b13cc0 .param/l "DATA_WIDTH" 0 5 1, +C4<00000000000000000000000000010000>;
v0x55d4e4b13f50_0 .net *"_ivl_0", 31 0, L_0x55d4e4b3bf30;  1 drivers
L_0x7f47a5ffa258 .functor BUFT 1, C4<0000000000000000>, C4<0>, C4<0>, C4<0>;
v0x55d4e4b14010_0 .net *"_ivl_3", 15 0, L_0x7f47a5ffa258;  1 drivers
v0x55d4e4b140f0_0 .net *"_ivl_4", 31 0, L_0x55d4e4b3c100;  1 drivers
L_0x7f47a5ffa2a0 .functor BUFT 1, C4<0000000000000000>, C4<0>, C4<0>, C4<0>;
v0x55d4e4b141e0_0 .net *"_ivl_7", 15 0, L_0x7f47a5ffa2a0;  1 drivers
v0x55d4e4b142c0_0 .net "a_in", 15 0, L_0x55d4e4b3c330;  alias, 1 drivers
v0x55d4e4b143f0_0 .var "a_out", 15 0;
v0x55d4e4b144d0_0 .net "b_in", 15 0, L_0x55d4e4b3c3a0;  alias, 1 drivers
v0x55d4e4b145b0_0 .var "b_out", 15 0;
v0x55d4e4b14690_0 .var "c_out", 31 0;
v0x55d4e4b14770_0 .net "clk", 0 0, v0x55d4e4b2a6b0_0;  alias, 1 drivers
v0x55d4e4b148a0_0 .net "mult", 31 0, L_0x55d4e4b3c1f0;  1 drivers
v0x55d4e4b14980_0 .net "reset", 0 0, v0x55d4e4b2a7f0_0;  alias, 1 drivers
v0x55d4e4b14ab0_0 .net "valid_in", 0 0, L_0x55d4e4b3c460;  alias, 1 drivers
v0x55d4e4b14b70_0 .var "valid_out", 0 0;
L_0x55d4e4b3bf30 .concat [ 16 16 0 0], L_0x55d4e4b3c330, L_0x7f47a5ffa258;
L_0x55d4e4b3c100 .concat [ 16 16 0 0], L_0x55d4e4b3c3a0, L_0x7f47a5ffa2a0;
L_0x55d4e4b3c1f0 .arith/mult 32, L_0x55d4e4b3bf30, L_0x55d4e4b3c100;
S_0x55d4e4b15000 .scope generate, "COL[1]" "COL[1]" 4 25, 4 25 0, S_0x55d4e4b12fe0;
 .timescale -9 -12;
P_0x55d4e4b10800 .param/l "j" 1 4 25, +C4<01>;
v0x55d4e4b168d0_0 .net "a_in_local", 15 0, L_0x55d4e4b3c8e0;  1 drivers
v0x55d4e4b169b0_0 .net "b_in_local", 15 0, L_0x55d4e4b3c9a0;  1 drivers
v0x55d4e4b16a80_0 .net "valid_in_local", 0 0, L_0x55d4e4b3ca60;  1 drivers
S_0x55d4e4b151e0 .scope generate, "genblk1" "genblk1" 4 30, 4 30 0, S_0x55d4e4b15000;
 .timescale -9 -12;
L_0x55d4e4b3c8e0 .functor BUFZ 16, v0x55d4e4b143f0_0, C4<0000000000000000>, C4<0000000000000000>, C4<0000000000000000>;
S_0x55d4e4b15370 .scope generate, "genblk2" "genblk2" 4 36, 4 36 0, S_0x55d4e4b15000;
 .timescale -9 -12;
L_0x55d4e4b3c9a0 .functor BUFZ 16, v0x55d4e4b0ee00_0, C4<0000000000000000>, C4<0000000000000000>, C4<0000000000000000>;
S_0x55d4e4b15570 .scope generate, "genblk3" "genblk3" 4 44, 4 44 0, S_0x55d4e4b15000;
 .timescale -9 -12;
L_0x55d4e4b3ca60 .functor BUFZ 1, v0x55d4e4b14b70_0, C4<0>, C4<0>, C4<0>;
S_0x55d4e4b15780 .scope module, "pe_inst" "pe" 4 51, 5 1 0, S_0x55d4e4b15000;
 .timescale 0 0;
    .port_info 0 /INPUT 1 "clk";
    .port_info 1 /INPUT 1 "reset";
    .port_info 2 /INPUT 16 "a_in";
    .port_info 3 /INPUT 16 "b_in";
    .port_info 4 /INPUT 1 "valid_in";
    .port_info 5 /OUTPUT 1 "valid_out";
    .port_info 6 /OUTPUT 16 "a_out";
    .port_info 7 /OUTPUT 16 "b_out";
    .port_info 8 /OUTPUT 32 "c_out";
P_0x55d4e4b15960 .param/l "DATA_WIDTH" 0 5 1, +C4<00000000000000000000000000010000>;
v0x55d4e4b15bf0_0 .net *"_ivl_0", 31 0, L_0x55d4e4b3c520;  1 drivers
L_0x7f47a5ffa2e8 .functor BUFT 1, C4<0000000000000000>, C4<0>, C4<0>, C4<0>;
v0x55d4e4b15cb0_0 .net *"_ivl_3", 15 0, L_0x7f47a5ffa2e8;  1 drivers
v0x55d4e4b15d90_0 .net *"_ivl_4", 31 0, L_0x55d4e4b3c660;  1 drivers
L_0x7f47a5ffa330 .functor BUFT 1, C4<0000000000000000>, C4<0>, C4<0>, C4<0>;
v0x55d4e4b15e80_0 .net *"_ivl_7", 15 0, L_0x7f47a5ffa330;  1 drivers
v0x55d4e4b15f60_0 .net "a_in", 15 0, L_0x55d4e4b3c8e0;  alias, 1 drivers
v0x55d4e4b16090_0 .var "a_out", 15 0;
v0x55d4e4b16170_0 .net "b_in", 15 0, L_0x55d4e4b3c9a0;  alias, 1 drivers
v0x55d4e4b16250_0 .var "b_out", 15 0;
v0x55d4e4b16330_0 .var "c_out", 31 0;
v0x55d4e4b16410_0 .net "clk", 0 0, v0x55d4e4b2a6b0_0;  alias, 1 drivers
v0x55d4e4b164b0_0 .net "mult", 31 0, L_0x55d4e4b3c7a0;  1 drivers
v0x55d4e4b16590_0 .net "reset", 0 0, v0x55d4e4b2a7f0_0;  alias, 1 drivers
v0x55d4e4b16630_0 .net "valid_in", 0 0, L_0x55d4e4b3ca60;  alias, 1 drivers
v0x55d4e4b166f0_0 .var "valid_out", 0 0;
L_0x55d4e4b3c520 .concat [ 16 16 0 0], L_0x55d4e4b3c8e0, L_0x7f47a5ffa2e8;
L_0x55d4e4b3c660 .concat [ 16 16 0 0], L_0x55d4e4b3c9a0, L_0x7f47a5ffa330;
L_0x55d4e4b3c7a0 .arith/mult 32, L_0x55d4e4b3c520, L_0x55d4e4b3c660;
S_0x55d4e4b16b80 .scope generate, "COL[2]" "COL[2]" 4 25, 4 25 0, S_0x55d4e4b12fe0;
 .timescale -9 -12;
P_0x55d4e4b16d40 .param/l "j" 1 4 25, +C4<010>;
v0x55d4e4b18500_0 .net "a_in_local", 15 0, L_0x55d4e4b3cf30;  1 drivers
v0x55d4e4b185e0_0 .net "b_in_local", 15 0, L_0x55d4e4b3cff0;  1 drivers
v0x55d4e4b186b0_0 .net "valid_in_local", 0 0, L_0x55d4e4b3d0b0;  1 drivers
S_0x55d4e4b16de0 .scope generate, "genblk1" "genblk1" 4 30, 4 30 0, S_0x55d4e4b16b80;
 .timescale -9 -12;
L_0x55d4e4b3cf30 .functor BUFZ 16, v0x55d4e4b16090_0, C4<0000000000000000>, C4<0000000000000000>, C4<0000000000000000>;
S_0x55d4e4b16fc0 .scope generate, "genblk2" "genblk2" 4 36, 4 36 0, S_0x55d4e4b16b80;
 .timescale -9 -12;
L_0x55d4e4b3cff0 .functor BUFZ 16, v0x55d4e4b10a50_0, C4<0000000000000000>, C4<0000000000000000>, C4<0000000000000000>;
S_0x55d4e4b171a0 .scope generate, "genblk3" "genblk3" 4 44, 4 44 0, S_0x55d4e4b16b80;
 .timescale -9 -12;
L_0x55d4e4b3d0b0 .functor BUFZ 1, v0x55d4e4b166f0_0, C4<0>, C4<0>, C4<0>;
S_0x55d4e4b173b0 .scope module, "pe_inst" "pe" 4 51, 5 1 0, S_0x55d4e4b16b80;
 .timescale 0 0;
    .port_info 0 /INPUT 1 "clk";
    .port_info 1 /INPUT 1 "reset";
    .port_info 2 /INPUT 16 "a_in";
    .port_info 3 /INPUT 16 "b_in";
    .port_info 4 /INPUT 1 "valid_in";
    .port_info 5 /OUTPUT 1 "valid_out";
    .port_info 6 /OUTPUT 16 "a_out";
    .port_info 7 /OUTPUT 16 "b_out";
    .port_info 8 /OUTPUT 32 "c_out";
P_0x55d4e4b17590 .param/l "DATA_WIDTH" 0 5 1, +C4<00000000000000000000000000010000>;
v0x55d4e4b17820_0 .net *"_ivl_0", 31 0, L_0x55d4e4b3cb70;  1 drivers
L_0x7f47a5ffa378 .functor BUFT 1, C4<0000000000000000>, C4<0>, C4<0>, C4<0>;
v0x55d4e4b178e0_0 .net *"_ivl_3", 15 0, L_0x7f47a5ffa378;  1 drivers
v0x55d4e4b179c0_0 .net *"_ivl_4", 31 0, L_0x55d4e4b3ccb0;  1 drivers
L_0x7f47a5ffa3c0 .functor BUFT 1, C4<0000000000000000>, C4<0>, C4<0>, C4<0>;
v0x55d4e4b17ab0_0 .net *"_ivl_7", 15 0, L_0x7f47a5ffa3c0;  1 drivers
v0x55d4e4b17b90_0 .net "a_in", 15 0, L_0x55d4e4b3cf30;  alias, 1 drivers
v0x55d4e4b17cc0_0 .var "a_out", 15 0;
v0x55d4e4b17da0_0 .net "b_in", 15 0, L_0x55d4e4b3cff0;  alias, 1 drivers
v0x55d4e4b17e80_0 .var "b_out", 15 0;
v0x55d4e4b17f60_0 .var "c_out", 31 0;
v0x55d4e4b18040_0 .net "clk", 0 0, v0x55d4e4b2a6b0_0;  alias, 1 drivers
v0x55d4e4b180e0_0 .net "mult", 31 0, L_0x55d4e4b3cdf0;  1 drivers
v0x55d4e4b181c0_0 .net "reset", 0 0, v0x55d4e4b2a7f0_0;  alias, 1 drivers
v0x55d4e4b18260_0 .net "valid_in", 0 0, L_0x55d4e4b3d0b0;  alias, 1 drivers
v0x55d4e4b18320_0 .var "valid_out", 0 0;
L_0x55d4e4b3cb70 .concat [ 16 16 0 0], L_0x55d4e4b3cf30, L_0x7f47a5ffa378;
L_0x55d4e4b3ccb0 .concat [ 16 16 0 0], L_0x55d4e4b3cff0, L_0x7f47a5ffa3c0;
L_0x55d4e4b3cdf0 .arith/mult 32, L_0x55d4e4b3cb70, L_0x55d4e4b3ccb0;
S_0x55d4e4b187b0 .scope generate, "COL[3]" "COL[3]" 4 25, 4 25 0, S_0x55d4e4b12fe0;
 .timescale -9 -12;
P_0x55d4e4b18940 .param/l "j" 1 4 25, +C4<011>;
v0x55d4e4b1a120_0 .net "a_in_local", 15 0, L_0x55d4e4b3d5c0;  1 drivers
v0x55d4e4b1a200_0 .net "b_in_local", 15 0, L_0x55d4e4b3d680;  1 drivers
v0x55d4e4b1a2d0_0 .net "valid_in_local", 0 0, L_0x55d4e4b3d760;  1 drivers
S_0x55d4e4b189e0 .scope generate, "genblk1" "genblk1" 4 30, 4 30 0, S_0x55d4e4b187b0;
 .timescale -9 -12;
L_0x55d4e4b3d5c0 .functor BUFZ 16, v0x55d4e4b17cc0_0, C4<0000000000000000>, C4<0000000000000000>, C4<0000000000000000>;
S_0x55d4e4b18bc0 .scope generate, "genblk2" "genblk2" 4 36, 4 36 0, S_0x55d4e4b187b0;
 .timescale -9 -12;
L_0x55d4e4b3d680 .functor BUFZ 16, v0x55d4e4b126b0_0, C4<0000000000000000>, C4<0000000000000000>, C4<0000000000000000>;
S_0x55d4e4b18dc0 .scope generate, "genblk3" "genblk3" 4 44, 4 44 0, S_0x55d4e4b187b0;
 .timescale -9 -12;
L_0x55d4e4b3d760 .functor BUFZ 1, v0x55d4e4b18320_0, C4<0>, C4<0>, C4<0>;
S_0x55d4e4b18fd0 .scope module, "pe_inst" "pe" 4 51, 5 1 0, S_0x55d4e4b187b0;
 .timescale 0 0;
    .port_info 0 /INPUT 1 "clk";
    .port_info 1 /INPUT 1 "reset";
    .port_info 2 /INPUT 16 "a_in";
    .port_info 3 /INPUT 16 "b_in";
    .port_info 4 /INPUT 1 "valid_in";
    .port_info 5 /OUTPUT 1 "valid_out";
    .port_info 6 /OUTPUT 16 "a_out";
    .port_info 7 /OUTPUT 16 "b_out";
    .port_info 8 /OUTPUT 32 "c_out";
P_0x55d4e4b191b0 .param/l "DATA_WIDTH" 0 5 1, +C4<00000000000000000000000000010000>;
v0x55d4e4b19440_0 .net *"_ivl_0", 31 0, L_0x55d4e4b3d1e0;  1 drivers
L_0x7f47a5ffa408 .functor BUFT 1, C4<0000000000000000>, C4<0>, C4<0>, C4<0>;
v0x55d4e4b19500_0 .net *"_ivl_3", 15 0, L_0x7f47a5ffa408;  1 drivers
v0x55d4e4b195e0_0 .net *"_ivl_4", 31 0, L_0x55d4e4b3d340;  1 drivers
L_0x7f47a5ffa450 .functor BUFT 1, C4<0000000000000000>, C4<0>, C4<0>, C4<0>;
v0x55d4e4b196d0_0 .net *"_ivl_7", 15 0, L_0x7f47a5ffa450;  1 drivers
v0x55d4e4b197b0_0 .net "a_in", 15 0, L_0x55d4e4b3d5c0;  alias, 1 drivers
v0x55d4e4b198e0_0 .var "a_out", 15 0;
v0x55d4e4b199c0_0 .net "b_in", 15 0, L_0x55d4e4b3d680;  alias, 1 drivers
v0x55d4e4b19aa0_0 .var "b_out", 15 0;
v0x55d4e4b19b80_0 .var "c_out", 31 0;
v0x55d4e4b19c60_0 .net "clk", 0 0, v0x55d4e4b2a6b0_0;  alias, 1 drivers
v0x55d4e4b19d00_0 .net "mult", 31 0, L_0x55d4e4b3d480;  1 drivers
v0x55d4e4b19de0_0 .net "reset", 0 0, v0x55d4e4b2a7f0_0;  alias, 1 drivers
v0x55d4e4b19e80_0 .net "valid_in", 0 0, L_0x55d4e4b3d760;  alias, 1 drivers
v0x55d4e4b19f40_0 .var "valid_out", 0 0;
L_0x55d4e4b3d1e0 .concat [ 16 16 0 0], L_0x55d4e4b3d5c0, L_0x7f47a5ffa408;
L_0x55d4e4b3d340 .concat [ 16 16 0 0], L_0x55d4e4b3d680, L_0x7f47a5ffa450;
L_0x55d4e4b3d480 .arith/mult 32, L_0x55d4e4b3d1e0, L_0x55d4e4b3d340;
S_0x55d4e4b1a3d0 .scope generate, "ROW[2]" "ROW[2]" 4 24, 4 24 0, S_0x55d4e4ac0b80;
 .timescale -9 -12;
P_0x55d4e4b1a590 .param/l "i" 1 4 24, +C4<010>;
S_0x55d4e4b1a630 .scope generate, "COL[0]" "COL[0]" 4 25, 4 25 0, S_0x55d4e4b1a3d0;
 .timescale -9 -12;
P_0x55d4e4b1a810 .param/l "j" 1 4 25, +C4<00>;
v0x55d4e4b1c030_0 .net "a_in_local", 15 0, L_0x55d4e4b3dc90;  1 drivers
v0x55d4e4b1c110_0 .net "b_in_local", 15 0, L_0x55d4e4b3dd00;  1 drivers
v0x55d4e4b1c1e0_0 .net "valid_in_local", 0 0, L_0x55d4e4b3ddc0;  1 drivers
S_0x55d4e4b1a8f0 .scope generate, "genblk1" "genblk1" 4 30, 4 30 0, S_0x55d4e4b1a630;
 .timescale -9 -12;
L_0x55d4e4b3dc90 .functor BUFZ 16, v0x55d4e4b2a3b0_2, C4<0000000000000000>, C4<0000000000000000>, C4<0000000000000000>;
S_0x55d4e4b1aad0 .scope generate, "genblk2" "genblk2" 4 36, 4 36 0, S_0x55d4e4b1a630;
 .timescale -9 -12;
L_0x55d4e4b3dd00 .functor BUFZ 16, v0x55d4e4b145b0_0, C4<0000000000000000>, C4<0000000000000000>, C4<0000000000000000>;
S_0x55d4e4b1acd0 .scope generate, "genblk3" "genblk3" 4 44, 4 44 0, S_0x55d4e4b1a630;
 .timescale -9 -12;
L_0x55d4e4b3ddc0 .functor BUFZ 1, v0x55d4e4b14b70_0, C4<0>, C4<0>, C4<0>;
S_0x55d4e4b1aee0 .scope module, "pe_inst" "pe" 4 51, 5 1 0, S_0x55d4e4b1a630;
 .timescale 0 0;
    .port_info 0 /INPUT 1 "clk";
    .port_info 1 /INPUT 1 "reset";
    .port_info 2 /INPUT 16 "a_in";
    .port_info 3 /INPUT 16 "b_in";
    .port_info 4 /INPUT 1 "valid_in";
    .port_info 5 /OUTPUT 1 "valid_out";
    .port_info 6 /OUTPUT 16 "a_out";
    .port_info 7 /OUTPUT 16 "b_out";
    .port_info 8 /OUTPUT 32 "c_out";
P_0x55d4e4b1b0c0 .param/l "DATA_WIDTH" 0 5 1, +C4<00000000000000000000000000010000>;
v0x55d4e4b1b350_0 .net *"_ivl_0", 31 0, L_0x55d4e4b3d8b0;  1 drivers
L_0x7f47a5ffa498 .functor BUFT 1, C4<0000000000000000>, C4<0>, C4<0>, C4<0>;
v0x55d4e4b1b410_0 .net *"_ivl_3", 15 0, L_0x7f47a5ffa498;  1 drivers
v0x55d4e4b1b4f0_0 .net *"_ivl_4", 31 0, L_0x55d4e4b3da10;  1 drivers
L_0x7f47a5ffa4e0 .functor BUFT 1, C4<0000000000000000>, C4<0>, C4<0>, C4<0>;
v0x55d4e4b1b5e0_0 .net *"_ivl_7", 15 0, L_0x7f47a5ffa4e0;  1 drivers
v0x55d4e4b1b6c0_0 .net "a_in", 15 0, L_0x55d4e4b3dc90;  alias, 1 drivers
v0x55d4e4b1b7f0_0 .var "a_out", 15 0;
v0x55d4e4b1b8d0_0 .net "b_in", 15 0, L_0x55d4e4b3dd00;  alias, 1 drivers
v0x55d4e4b1b9b0_0 .var "b_out", 15 0;
v0x55d4e4b1ba90_0 .var "c_out", 31 0;
v0x55d4e4b1bb70_0 .net "clk", 0 0, v0x55d4e4b2a6b0_0;  alias, 1 drivers
v0x55d4e4b1bc10_0 .net "mult", 31 0, L_0x55d4e4b3db50;  1 drivers
v0x55d4e4b1bcf0_0 .net "reset", 0 0, v0x55d4e4b2a7f0_0;  alias, 1 drivers
v0x55d4e4b1bd90_0 .net "valid_in", 0 0, L_0x55d4e4b3ddc0;  alias, 1 drivers
v0x55d4e4b1be50_0 .var "valid_out", 0 0;
L_0x55d4e4b3d8b0 .concat [ 16 16 0 0], L_0x55d4e4b3dc90, L_0x7f47a5ffa498;
L_0x55d4e4b3da10 .concat [ 16 16 0 0], L_0x55d4e4b3dd00, L_0x7f47a5ffa4e0;
L_0x55d4e4b3db50 .arith/mult 32, L_0x55d4e4b3d8b0, L_0x55d4e4b3da10;
S_0x55d4e4b1c2e0 .scope generate, "COL[1]" "COL[1]" 4 25, 4 25 0, S_0x55d4e4b1a3d0;
 .timescale -9 -12;
P_0x55d4e4b1c470 .param/l "j" 1 4 25, +C4<01>;
v0x55d4e4b1dbc0_0 .net "a_in_local", 15 0, L_0x55d4e4b3e2a0;  1 drivers
v0x55d4e4b1dca0_0 .net "b_in_local", 15 0, L_0x55d4e4b3e360;  1 drivers
v0x55d4e4b1dd70_0 .net "valid_in_local", 0 0, L_0x55d4e4b3e440;  1 drivers
S_0x55d4e4b1c510 .scope generate, "genblk1" "genblk1" 4 30, 4 30 0, S_0x55d4e4b1c2e0;
 .timescale -9 -12;
L_0x55d4e4b3e2a0 .functor BUFZ 16, v0x55d4e4b1b7f0_0, C4<0000000000000000>, C4<0000000000000000>, C4<0000000000000000>;
S_0x55d4e4b1c6f0 .scope generate, "genblk2" "genblk2" 4 36, 4 36 0, S_0x55d4e4b1c2e0;
 .timescale -9 -12;
L_0x55d4e4b3e360 .functor BUFZ 16, v0x55d4e4b16250_0, C4<0000000000000000>, C4<0000000000000000>, C4<0000000000000000>;
S_0x55d4e4b1c8f0 .scope generate, "genblk3" "genblk3" 4 44, 4 44 0, S_0x55d4e4b1c2e0;
 .timescale -9 -12;
L_0x55d4e4b3e440 .functor BUFZ 1, v0x55d4e4b1be50_0, C4<0>, C4<0>, C4<0>;
S_0x55d4e4b1cb00 .scope module, "pe_inst" "pe" 4 51, 5 1 0, S_0x55d4e4b1c2e0;
 .timescale 0 0;
    .port_info 0 /INPUT 1 "clk";
    .port_info 1 /INPUT 1 "reset";
    .port_info 2 /INPUT 16 "a_in";
    .port_info 3 /INPUT 16 "b_in";
    .port_info 4 /INPUT 1 "valid_in";
    .port_info 5 /OUTPUT 1 "valid_out";
    .port_info 6 /OUTPUT 16 "a_out";
    .port_info 7 /OUTPUT 16 "b_out";
    .port_info 8 /OUTPUT 32 "c_out";
P_0x55d4e4b1cce0 .param/l "DATA_WIDTH" 0 5 1, +C4<00000000000000000000000000010000>;
v0x55d4e4b1cee0_0 .net *"_ivl_0", 31 0, L_0x55d4e4b3dec0;  1 drivers
L_0x7f47a5ffa528 .functor BUFT 1, C4<0000000000000000>, C4<0>, C4<0>, C4<0>;
v0x55d4e4b1cfa0_0 .net *"_ivl_3", 15 0, L_0x7f47a5ffa528;  1 drivers
v0x55d4e4b1d080_0 .net *"_ivl_4", 31 0, L_0x55d4e4b3e020;  1 drivers
L_0x7f47a5ffa570 .functor BUFT 1, C4<0000000000000000>, C4<0>, C4<0>, C4<0>;
v0x55d4e4b1d170_0 .net *"_ivl_7", 15 0, L_0x7f47a5ffa570;  1 drivers
v0x55d4e4b1d250_0 .net "a_in", 15 0, L_0x55d4e4b3e2a0;  alias, 1 drivers
v0x55d4e4b1d380_0 .var "a_out", 15 0;
v0x55d4e4b1d460_0 .net "b_in", 15 0, L_0x55d4e4b3e360;  alias, 1 drivers
v0x55d4e4b1d540_0 .var "b_out", 15 0;
v0x55d4e4b1d620_0 .var "c_out", 31 0;
v0x55d4e4b1d700_0 .net "clk", 0 0, v0x55d4e4b2a6b0_0;  alias, 1 drivers
v0x55d4e4b1d7a0_0 .net "mult", 31 0, L_0x55d4e4b3e160;  1 drivers
v0x55d4e4b1d880_0 .net "reset", 0 0, v0x55d4e4b2a7f0_0;  alias, 1 drivers
v0x55d4e4b1d920_0 .net "valid_in", 0 0, L_0x55d4e4b3e440;  alias, 1 drivers
v0x55d4e4b1d9e0_0 .var "valid_out", 0 0;
L_0x55d4e4b3dec0 .concat [ 16 16 0 0], L_0x55d4e4b3e2a0, L_0x7f47a5ffa528;
L_0x55d4e4b3e020 .concat [ 16 16 0 0], L_0x55d4e4b3e360, L_0x7f47a5ffa570;
L_0x55d4e4b3e160 .arith/mult 32, L_0x55d4e4b3dec0, L_0x55d4e4b3e020;
S_0x55d4e4b1de70 .scope generate, "COL[2]" "COL[2]" 4 25, 4 25 0, S_0x55d4e4b1a3d0;
 .timescale -9 -12;
P_0x55d4e4b1e030 .param/l "j" 1 4 25, +C4<010>;
v0x55d4e4b1f760_0 .net "a_in_local", 15 0, L_0x55d4e4b3e970;  1 drivers
v0x55d4e4b1f840_0 .net "b_in_local", 15 0, L_0x55d4e4b3ea30;  1 drivers
v0x55d4e4b1f910_0 .net "valid_in_local", 0 0, L_0x55d4e4b3eb10;  1 drivers
S_0x55d4e4b1e0d0 .scope generate, "genblk1" "genblk1" 4 30, 4 30 0, S_0x55d4e4b1de70;
 .timescale -9 -12;
L_0x55d4e4b3e970 .functor BUFZ 16, v0x55d4e4b1d380_0, C4<0000000000000000>, C4<0000000000000000>, C4<0000000000000000>;
S_0x55d4e4b1e2b0 .scope generate, "genblk2" "genblk2" 4 36, 4 36 0, S_0x55d4e4b1de70;
 .timescale -9 -12;
L_0x55d4e4b3ea30 .functor BUFZ 16, v0x55d4e4b17e80_0, C4<0000000000000000>, C4<0000000000000000>, C4<0000000000000000>;
S_0x55d4e4b1e490 .scope generate, "genblk3" "genblk3" 4 44, 4 44 0, S_0x55d4e4b1de70;
 .timescale -9 -12;
L_0x55d4e4b3eb10 .functor BUFZ 1, v0x55d4e4b1d9e0_0, C4<0>, C4<0>, C4<0>;
S_0x55d4e4b1e6a0 .scope module, "pe_inst" "pe" 4 51, 5 1 0, S_0x55d4e4b1de70;
 .timescale 0 0;
    .port_info 0 /INPUT 1 "clk";
    .port_info 1 /INPUT 1 "reset";
    .port_info 2 /INPUT 16 "a_in";
    .port_info 3 /INPUT 16 "b_in";
    .port_info 4 /INPUT 1 "valid_in";
    .port_info 5 /OUTPUT 1 "valid_out";
    .port_info 6 /OUTPUT 16 "a_out";
    .port_info 7 /OUTPUT 16 "b_out";
    .port_info 8 /OUTPUT 32 "c_out";
P_0x55d4e4b1e880 .param/l "DATA_WIDTH" 0 5 1, +C4<00000000000000000000000000010000>;
v0x55d4e4b1ea80_0 .net *"_ivl_0", 31 0, L_0x55d4e4b3e590;  1 drivers
L_0x7f47a5ffa5b8 .functor BUFT 1, C4<0000000000000000>, C4<0>, C4<0>, C4<0>;
v0x55d4e4b1eb40_0 .net *"_ivl_3", 15 0, L_0x7f47a5ffa5b8;  1 drivers
v0x55d4e4b1ec20_0 .net *"_ivl_4", 31 0, L_0x55d4e4b3e6f0;  1 drivers
L_0x7f47a5ffa600 .functor BUFT 1, C4<0000000000000000>, C4<0>, C4<0>, C4<0>;
v0x55d4e4b1ed10_0 .net *"_ivl_7", 15 0, L_0x7f47a5ffa600;  1 drivers
v0x55d4e4b1edf0_0 .net "a_in", 15 0, L_0x55d4e4b3e970;  alias, 1 drivers
v0x55d4e4b1ef20_0 .var "a_out", 15 0;
v0x55d4e4b1f000_0 .net "b_in", 15 0, L_0x55d4e4b3ea30;  alias, 1 drivers
v0x55d4e4b1f0e0_0 .var "b_out", 15 0;
v0x55d4e4b1f1c0_0 .var "c_out", 31 0;
v0x55d4e4b1f2a0_0 .net "clk", 0 0, v0x55d4e4b2a6b0_0;  alias, 1 drivers
v0x55d4e4b1f340_0 .net "mult", 31 0, L_0x55d4e4b3e830;  1 drivers
v0x55d4e4b1f420_0 .net "reset", 0 0, v0x55d4e4b2a7f0_0;  alias, 1 drivers
v0x55d4e4b1f4c0_0 .net "valid_in", 0 0, L_0x55d4e4b3eb10;  alias, 1 drivers
v0x55d4e4b1f580_0 .var "valid_out", 0 0;
L_0x55d4e4b3e590 .concat [ 16 16 0 0], L_0x55d4e4b3e970, L_0x7f47a5ffa5b8;
L_0x55d4e4b3e6f0 .concat [ 16 16 0 0], L_0x55d4e4b3ea30, L_0x7f47a5ffa600;
L_0x55d4e4b3e830 .arith/mult 32, L_0x55d4e4b3e590, L_0x55d4e4b3e6f0;
S_0x55d4e4b1fa10 .scope generate, "COL[3]" "COL[3]" 4 25, 4 25 0, S_0x55d4e4b1a3d0;
 .timescale -9 -12;
P_0x55d4e4b1fba0 .param/l "j" 1 4 25, +C4<011>;
v0x55d4e4b21380_0 .net "a_in_local", 15 0, L_0x55d4e4b3f040;  1 drivers
v0x55d4e4b21460_0 .net "b_in_local", 15 0, L_0x55d4e4b3f100;  1 drivers
v0x55d4e4b21530_0 .net "valid_in_local", 0 0, L_0x55d4e4b3f1e0;  1 drivers
S_0x55d4e4b1fc40 .scope generate, "genblk1" "genblk1" 4 30, 4 30 0, S_0x55d4e4b1fa10;
 .timescale -9 -12;
L_0x55d4e4b3f040 .functor BUFZ 16, v0x55d4e4b1ef20_0, C4<0000000000000000>, C4<0000000000000000>, C4<0000000000000000>;
S_0x55d4e4b1fe20 .scope generate, "genblk2" "genblk2" 4 36, 4 36 0, S_0x55d4e4b1fa10;
 .timescale -9 -12;
L_0x55d4e4b3f100 .functor BUFZ 16, v0x55d4e4b19aa0_0, C4<0000000000000000>, C4<0000000000000000>, C4<0000000000000000>;
S_0x55d4e4b20020 .scope generate, "genblk3" "genblk3" 4 44, 4 44 0, S_0x55d4e4b1fa10;
 .timescale -9 -12;
L_0x55d4e4b3f1e0 .functor BUFZ 1, v0x55d4e4b1f580_0, C4<0>, C4<0>, C4<0>;
S_0x55d4e4b20230 .scope module, "pe_inst" "pe" 4 51, 5 1 0, S_0x55d4e4b1fa10;
 .timescale 0 0;
    .port_info 0 /INPUT 1 "clk";
    .port_info 1 /INPUT 1 "reset";
    .port_info 2 /INPUT 16 "a_in";
    .port_info 3 /INPUT 16 "b_in";
    .port_info 4 /INPUT 1 "valid_in";
    .port_info 5 /OUTPUT 1 "valid_out";
    .port_info 6 /OUTPUT 16 "a_out";
    .port_info 7 /OUTPUT 16 "b_out";
    .port_info 8 /OUTPUT 32 "c_out";
P_0x55d4e4b20410 .param/l "DATA_WIDTH" 0 5 1, +C4<00000000000000000000000000010000>;
v0x55d4e4b206a0_0 .net *"_ivl_0", 31 0, L_0x55d4e4b3ec60;  1 drivers
L_0x7f47a5ffa648 .functor BUFT 1, C4<0000000000000000>, C4<0>, C4<0>, C4<0>;
v0x55d4e4b20760_0 .net *"_ivl_3", 15 0, L_0x7f47a5ffa648;  1 drivers
v0x55d4e4b20840_0 .net *"_ivl_4", 31 0, L_0x55d4e4b3edc0;  1 drivers
L_0x7f47a5ffa690 .functor BUFT 1, C4<0000000000000000>, C4<0>, C4<0>, C4<0>;
v0x55d4e4b20930_0 .net *"_ivl_7", 15 0, L_0x7f47a5ffa690;  1 drivers
v0x55d4e4b20a10_0 .net "a_in", 15 0, L_0x55d4e4b3f040;  alias, 1 drivers
v0x55d4e4b20b40_0 .var "a_out", 15 0;
v0x55d4e4b20c20_0 .net "b_in", 15 0, L_0x55d4e4b3f100;  alias, 1 drivers
v0x55d4e4b20d00_0 .var "b_out", 15 0;
v0x55d4e4b20de0_0 .var "c_out", 31 0;
v0x55d4e4b20ec0_0 .net "clk", 0 0, v0x55d4e4b2a6b0_0;  alias, 1 drivers
v0x55d4e4b20f60_0 .net "mult", 31 0, L_0x55d4e4b3ef00;  1 drivers
v0x55d4e4b21040_0 .net "reset", 0 0, v0x55d4e4b2a7f0_0;  alias, 1 drivers
v0x55d4e4b210e0_0 .net "valid_in", 0 0, L_0x55d4e4b3f1e0;  alias, 1 drivers
v0x55d4e4b211a0_0 .var "valid_out", 0 0;
L_0x55d4e4b3ec60 .concat [ 16 16 0 0], L_0x55d4e4b3f040, L_0x7f47a5ffa648;
L_0x55d4e4b3edc0 .concat [ 16 16 0 0], L_0x55d4e4b3f100, L_0x7f47a5ffa690;
L_0x55d4e4b3ef00 .arith/mult 32, L_0x55d4e4b3ec60, L_0x55d4e4b3edc0;
S_0x55d4e4b21630 .scope generate, "ROW[3]" "ROW[3]" 4 24, 4 24 0, S_0x55d4e4ac0b80;
 .timescale -9 -12;
P_0x55d4e4b217c0 .param/l "i" 1 4 24, +C4<011>;
S_0x55d4e4b21860 .scope generate, "COL[0]" "COL[0]" 4 25, 4 25 0, S_0x55d4e4b21630;
 .timescale -9 -12;
P_0x55d4e4b21a60 .param/l "j" 1 4 25, +C4<00>;
v0x55d4e4b23280_0 .net "a_in_local", 15 0, L_0x55d4e4b3f710;  1 drivers
v0x55d4e4b23360_0 .net "b_in_local", 15 0, L_0x55d4e4b3f780;  1 drivers
v0x55d4e4b23430_0 .net "valid_in_local", 0 0, L_0x55d4e4b3f840;  1 drivers
S_0x55d4e4b21b40 .scope generate, "genblk1" "genblk1" 4 30, 4 30 0, S_0x55d4e4b21860;
 .timescale -9 -12;
L_0x55d4e4b3f710 .functor BUFZ 16, v0x55d4e4b2a3b0_3, C4<0000000000000000>, C4<0000000000000000>, C4<0000000000000000>;
S_0x55d4e4b21d20 .scope generate, "genblk2" "genblk2" 4 36, 4 36 0, S_0x55d4e4b21860;
 .timescale -9 -12;
L_0x55d4e4b3f780 .functor BUFZ 16, v0x55d4e4b1b9b0_0, C4<0000000000000000>, C4<0000000000000000>, C4<0000000000000000>;
S_0x55d4e4b21f20 .scope generate, "genblk3" "genblk3" 4 44, 4 44 0, S_0x55d4e4b21860;
 .timescale -9 -12;
L_0x55d4e4b3f840 .functor BUFZ 1, v0x55d4e4b1be50_0, C4<0>, C4<0>, C4<0>;
S_0x55d4e4b22130 .scope module, "pe_inst" "pe" 4 51, 5 1 0, S_0x55d4e4b21860;
 .timescale 0 0;
    .port_info 0 /INPUT 1 "clk";
    .port_info 1 /INPUT 1 "reset";
    .port_info 2 /INPUT 16 "a_in";
    .port_info 3 /INPUT 16 "b_in";
    .port_info 4 /INPUT 1 "valid_in";
    .port_info 5 /OUTPUT 1 "valid_out";
    .port_info 6 /OUTPUT 16 "a_out";
    .port_info 7 /OUTPUT 16 "b_out";
    .port_info 8 /OUTPUT 32 "c_out";
P_0x55d4e4b22310 .param/l "DATA_WIDTH" 0 5 1, +C4<00000000000000000000000000010000>;
v0x55d4e4b225a0_0 .net *"_ivl_0", 31 0, L_0x55d4e4b3f330;  1 drivers
L_0x7f47a5ffa6d8 .functor BUFT 1, C4<0000000000000000>, C4<0>, C4<0>, C4<0>;
v0x55d4e4b22660_0 .net *"_ivl_3", 15 0, L_0x7f47a5ffa6d8;  1 drivers
v0x55d4e4b22740_0 .net *"_ivl_4", 31 0, L_0x55d4e4b3f490;  1 drivers
L_0x7f47a5ffa720 .functor BUFT 1, C4<0000000000000000>, C4<0>, C4<0>, C4<0>;
v0x55d4e4b22830_0 .net *"_ivl_7", 15 0, L_0x7f47a5ffa720;  1 drivers
v0x55d4e4b22910_0 .net "a_in", 15 0, L_0x55d4e4b3f710;  alias, 1 drivers
v0x55d4e4b22a40_0 .var "a_out", 15 0;
v0x55d4e4b22b20_0 .net "b_in", 15 0, L_0x55d4e4b3f780;  alias, 1 drivers
v0x55d4e4b22c00_0 .var "b_out", 15 0;
v0x55d4e4b22ce0_0 .var "c_out", 31 0;
v0x55d4e4b22dc0_0 .net "clk", 0 0, v0x55d4e4b2a6b0_0;  alias, 1 drivers
v0x55d4e4b22e60_0 .net "mult", 31 0, L_0x55d4e4b3f5d0;  1 drivers
v0x55d4e4b22f40_0 .net "reset", 0 0, v0x55d4e4b2a7f0_0;  alias, 1 drivers
v0x55d4e4b22fe0_0 .net "valid_in", 0 0, L_0x55d4e4b3f840;  alias, 1 drivers
v0x55d4e4b230a0_0 .var "valid_out", 0 0;
L_0x55d4e4b3f330 .concat [ 16 16 0 0], L_0x55d4e4b3f710, L_0x7f47a5ffa6d8;
L_0x55d4e4b3f490 .concat [ 16 16 0 0], L_0x55d4e4b3f780, L_0x7f47a5ffa720;
L_0x55d4e4b3f5d0 .arith/mult 32, L_0x55d4e4b3f330, L_0x55d4e4b3f490;
S_0x55d4e4b23530 .scope generate, "COL[1]" "COL[1]" 4 25, 4 25 0, S_0x55d4e4b21630;
 .timescale -9 -12;
P_0x55d4e4b236c0 .param/l "j" 1 4 25, +C4<01>;
v0x55d4e4b24ea0_0 .net "a_in_local", 15 0, L_0x55d4e4b3fd20;  1 drivers
v0x55d4e4b24f80_0 .net "b_in_local", 15 0, L_0x55d4e4b3fde0;  1 drivers
v0x55d4e4b25050_0 .net "valid_in_local", 0 0, L_0x55d4e4b3fec0;  1 drivers
S_0x55d4e4b23760 .scope generate, "genblk1" "genblk1" 4 30, 4 30 0, S_0x55d4e4b23530;
 .timescale -9 -12;
L_0x55d4e4b3fd20 .functor BUFZ 16, v0x55d4e4b22a40_0, C4<0000000000000000>, C4<0000000000000000>, C4<0000000000000000>;
S_0x55d4e4b23940 .scope generate, "genblk2" "genblk2" 4 36, 4 36 0, S_0x55d4e4b23530;
 .timescale -9 -12;
L_0x55d4e4b3fde0 .functor BUFZ 16, v0x55d4e4b1d540_0, C4<0000000000000000>, C4<0000000000000000>, C4<0000000000000000>;
S_0x55d4e4b23b40 .scope generate, "genblk3" "genblk3" 4 44, 4 44 0, S_0x55d4e4b23530;
 .timescale -9 -12;
L_0x55d4e4b3fec0 .functor BUFZ 1, v0x55d4e4b230a0_0, C4<0>, C4<0>, C4<0>;
S_0x55d4e4b23d50 .scope module, "pe_inst" "pe" 4 51, 5 1 0, S_0x55d4e4b23530;
 .timescale 0 0;
    .port_info 0 /INPUT 1 "clk";
    .port_info 1 /INPUT 1 "reset";
    .port_info 2 /INPUT 16 "a_in";
    .port_info 3 /INPUT 16 "b_in";
    .port_info 4 /INPUT 1 "valid_in";
    .port_info 5 /OUTPUT 1 "valid_out";
    .port_info 6 /OUTPUT 16 "a_out";
    .port_info 7 /OUTPUT 16 "b_out";
    .port_info 8 /OUTPUT 32 "c_out";
P_0x55d4e4b23f30 .param/l "DATA_WIDTH" 0 5 1, +C4<00000000000000000000000000010000>;
v0x55d4e4b241c0_0 .net *"_ivl_0", 31 0, L_0x55d4e4b3f940;  1 drivers
L_0x7f47a5ffa768 .functor BUFT 1, C4<0000000000000000>, C4<0>, C4<0>, C4<0>;
v0x55d4e4b24280_0 .net *"_ivl_3", 15 0, L_0x7f47a5ffa768;  1 drivers
v0x55d4e4b24360_0 .net *"_ivl_4", 31 0, L_0x55d4e4b3faa0;  1 drivers
L_0x7f47a5ffa7b0 .functor BUFT 1, C4<0000000000000000>, C4<0>, C4<0>, C4<0>;
v0x55d4e4b24450_0 .net *"_ivl_7", 15 0, L_0x7f47a5ffa7b0;  1 drivers
v0x55d4e4b24530_0 .net "a_in", 15 0, L_0x55d4e4b3fd20;  alias, 1 drivers
v0x55d4e4b24660_0 .var "a_out", 15 0;
v0x55d4e4b24740_0 .net "b_in", 15 0, L_0x55d4e4b3fde0;  alias, 1 drivers
v0x55d4e4b24820_0 .var "b_out", 15 0;
v0x55d4e4b24900_0 .var "c_out", 31 0;
v0x55d4e4b249e0_0 .net "clk", 0 0, v0x55d4e4b2a6b0_0;  alias, 1 drivers
v0x55d4e4b24a80_0 .net "mult", 31 0, L_0x55d4e4b3fbe0;  1 drivers
v0x55d4e4b24b60_0 .net "reset", 0 0, v0x55d4e4b2a7f0_0;  alias, 1 drivers
v0x55d4e4b24c00_0 .net "valid_in", 0 0, L_0x55d4e4b3fec0;  alias, 1 drivers
v0x55d4e4b24cc0_0 .var "valid_out", 0 0;
L_0x55d4e4b3f940 .concat [ 16 16 0 0], L_0x55d4e4b3fd20, L_0x7f47a5ffa768;
L_0x55d4e4b3faa0 .concat [ 16 16 0 0], L_0x55d4e4b3fde0, L_0x7f47a5ffa7b0;
L_0x55d4e4b3fbe0 .arith/mult 32, L_0x55d4e4b3f940, L_0x55d4e4b3faa0;
S_0x55d4e4b25150 .scope generate, "COL[2]" "COL[2]" 4 25, 4 25 0, S_0x55d4e4b21630;
 .timescale -9 -12;
P_0x55d4e4b25310 .param/l "j" 1 4 25, +C4<010>;
v0x55d4e4b26ad0_0 .net "a_in_local", 15 0, L_0x55d4e4b403f0;  1 drivers
v0x55d4e4b26bb0_0 .net "b_in_local", 15 0, L_0x55d4e4b404b0;  1 drivers
v0x55d4e4b26c80_0 .net "valid_in_local", 0 0, L_0x55d4e4b40590;  1 drivers
S_0x55d4e4b253b0 .scope generate, "genblk1" "genblk1" 4 30, 4 30 0, S_0x55d4e4b25150;
 .timescale -9 -12;
L_0x55d4e4b403f0 .functor BUFZ 16, v0x55d4e4b24660_0, C4<0000000000000000>, C4<0000000000000000>, C4<0000000000000000>;
S_0x55d4e4b25590 .scope generate, "genblk2" "genblk2" 4 36, 4 36 0, S_0x55d4e4b25150;
 .timescale -9 -12;
L_0x55d4e4b404b0 .functor BUFZ 16, v0x55d4e4b1f0e0_0, C4<0000000000000000>, C4<0000000000000000>, C4<0000000000000000>;
S_0x55d4e4b25770 .scope generate, "genblk3" "genblk3" 4 44, 4 44 0, S_0x55d4e4b25150;
 .timescale -9 -12;
L_0x55d4e4b40590 .functor BUFZ 1, v0x55d4e4b24cc0_0, C4<0>, C4<0>, C4<0>;
S_0x55d4e4b25980 .scope module, "pe_inst" "pe" 4 51, 5 1 0, S_0x55d4e4b25150;
 .timescale 0 0;
    .port_info 0 /INPUT 1 "clk";
    .port_info 1 /INPUT 1 "reset";
    .port_info 2 /INPUT 16 "a_in";
    .port_info 3 /INPUT 16 "b_in";
    .port_info 4 /INPUT 1 "valid_in";
    .port_info 5 /OUTPUT 1 "valid_out";
    .port_info 6 /OUTPUT 16 "a_out";
    .port_info 7 /OUTPUT 16 "b_out";
    .port_info 8 /OUTPUT 32 "c_out";
P_0x55d4e4b25b60 .param/l "DATA_WIDTH" 0 5 1, +C4<00000000000000000000000000010000>;
v0x55d4e4b25df0_0 .net *"_ivl_0", 31 0, L_0x55d4e4b40010;  1 drivers
L_0x7f47a5ffa7f8 .functor BUFT 1, C4<0000000000000000>, C4<0>, C4<0>, C4<0>;
v0x55d4e4b25eb0_0 .net *"_ivl_3", 15 0, L_0x7f47a5ffa7f8;  1 drivers
v0x55d4e4b25f90_0 .net *"_ivl_4", 31 0, L_0x55d4e4b40170;  1 drivers
L_0x7f47a5ffa840 .functor BUFT 1, C4<0000000000000000>, C4<0>, C4<0>, C4<0>;
v0x55d4e4b26080_0 .net *"_ivl_7", 15 0, L_0x7f47a5ffa840;  1 drivers
v0x55d4e4b26160_0 .net "a_in", 15 0, L_0x55d4e4b403f0;  alias, 1 drivers
v0x55d4e4b26290_0 .var "a_out", 15 0;
v0x55d4e4b26370_0 .net "b_in", 15 0, L_0x55d4e4b404b0;  alias, 1 drivers
v0x55d4e4b26450_0 .var "b_out", 15 0;
v0x55d4e4b26530_0 .var "c_out", 31 0;
v0x55d4e4b26610_0 .net "clk", 0 0, v0x55d4e4b2a6b0_0;  alias, 1 drivers
v0x55d4e4b266b0_0 .net "mult", 31 0, L_0x55d4e4b402b0;  1 drivers
v0x55d4e4b26790_0 .net "reset", 0 0, v0x55d4e4b2a7f0_0;  alias, 1 drivers
v0x55d4e4b26830_0 .net "valid_in", 0 0, L_0x55d4e4b40590;  alias, 1 drivers
v0x55d4e4b268f0_0 .var "valid_out", 0 0;
L_0x55d4e4b40010 .concat [ 16 16 0 0], L_0x55d4e4b403f0, L_0x7f47a5ffa7f8;
L_0x55d4e4b40170 .concat [ 16 16 0 0], L_0x55d4e4b404b0, L_0x7f47a5ffa840;
L_0x55d4e4b402b0 .arith/mult 32, L_0x55d4e4b40010, L_0x55d4e4b40170;
S_0x55d4e4b26d80 .scope generate, "COL[3]" "COL[3]" 4 25, 4 25 0, S_0x55d4e4b21630;
 .timescale -9 -12;
P_0x55d4e4b26f10 .param/l "j" 1 4 25, +C4<011>;
v0x55d4e4b286f0_0 .net "a_in_local", 15 0, L_0x55d4e4b40ac0;  1 drivers
v0x55d4e4b287d0_0 .net "b_in_local", 15 0, L_0x55d4e4b40b80;  1 drivers
v0x55d4e4b288a0_0 .net "valid_in_local", 0 0, L_0x55d4e4b40c60;  1 drivers
S_0x55d4e4b26fb0 .scope generate, "genblk1" "genblk1" 4 30, 4 30 0, S_0x55d4e4b26d80;
 .timescale -9 -12;
L_0x55d4e4b40ac0 .functor BUFZ 16, v0x55d4e4b26290_0, C4<0000000000000000>, C4<0000000000000000>, C4<0000000000000000>;
S_0x55d4e4b27190 .scope generate, "genblk2" "genblk2" 4 36, 4 36 0, S_0x55d4e4b26d80;
 .timescale -9 -12;
L_0x55d4e4b40b80 .functor BUFZ 16, v0x55d4e4b20d00_0, C4<0000000000000000>, C4<0000000000000000>, C4<0000000000000000>;
S_0x55d4e4b27390 .scope generate, "genblk3" "genblk3" 4 44, 4 44 0, S_0x55d4e4b26d80;
 .timescale -9 -12;
L_0x55d4e4b40c60 .functor BUFZ 1, v0x55d4e4b268f0_0, C4<0>, C4<0>, C4<0>;
S_0x55d4e4b275a0 .scope module, "pe_inst" "pe" 4 51, 5 1 0, S_0x55d4e4b26d80;
 .timescale 0 0;
    .port_info 0 /INPUT 1 "clk";
    .port_info 1 /INPUT 1 "reset";
    .port_info 2 /INPUT 16 "a_in";
    .port_info 3 /INPUT 16 "b_in";
    .port_info 4 /INPUT 1 "valid_in";
    .port_info 5 /OUTPUT 1 "valid_out";
    .port_info 6 /OUTPUT 16 "a_out";
    .port_info 7 /OUTPUT 16 "b_out";
    .port_info 8 /OUTPUT 32 "c_out";
P_0x55d4e4b27780 .param/l "DATA_WIDTH" 0 5 1, +C4<00000000000000000000000000010000>;
v0x55d4e4b27a10_0 .net *"_ivl_0", 31 0, L_0x55d4e4b406e0;  1 drivers
L_0x7f47a5ffa888 .functor BUFT 1, C4<0000000000000000>, C4<0>, C4<0>, C4<0>;
v0x55d4e4b27ad0_0 .net *"_ivl_3", 15 0, L_0x7f47a5ffa888;  1 drivers
v0x55d4e4b27bb0_0 .net *"_ivl_4", 31 0, L_0x55d4e4b40840;  1 drivers
L_0x7f47a5ffa8d0 .functor BUFT 1, C4<0000000000000000>, C4<0>, C4<0>, C4<0>;
v0x55d4e4b27ca0_0 .net *"_ivl_7", 15 0, L_0x7f47a5ffa8d0;  1 drivers
v0x55d4e4b27d80_0 .net "a_in", 15 0, L_0x55d4e4b40ac0;  alias, 1 drivers
v0x55d4e4b27eb0_0 .var "a_out", 15 0;
v0x55d4e4b27f90_0 .net "b_in", 15 0, L_0x55d4e4b40b80;  alias, 1 drivers
v0x55d4e4b28070_0 .var "b_out", 15 0;
v0x55d4e4b28150_0 .var "c_out", 31 0;
v0x55d4e4b28230_0 .net "clk", 0 0, v0x55d4e4b2a6b0_0;  alias, 1 drivers
v0x55d4e4b282d0_0 .net "mult", 31 0, L_0x55d4e4b40980;  1 drivers
v0x55d4e4b283b0_0 .net "reset", 0 0, v0x55d4e4b2a7f0_0;  alias, 1 drivers
v0x55d4e4b28450_0 .net "valid_in", 0 0, L_0x55d4e4b40c60;  alias, 1 drivers
v0x55d4e4b28510_0 .var "valid_out", 0 0;
L_0x55d4e4b406e0 .concat [ 16 16 0 0], L_0x55d4e4b40ac0, L_0x7f47a5ffa888;
L_0x55d4e4b40840 .concat [ 16 16 0 0], L_0x55d4e4b40b80, L_0x7f47a5ffa8d0;
L_0x55d4e4b40980 .arith/mult 32, L_0x55d4e4b406e0, L_0x55d4e4b40840;
    .scope S_0x55d4e4af1ee0;
T_0 ;
    %wait E_0x55d4e4a49c80;
    %load/vec4 v0x55d4e4b0d4b0_0;
    %flag_set/vec4 8;
    %jmp/0xz  T_0.0, 8;
    %pushi/vec4 0, 0, 32;
    %assign/vec4 v0x55d4e4b0d230_0, 0;
    %pushi/vec4 0, 0, 1;
    %assign/vec4 v0x55d4e4b0d630_0, 0;
    %jmp T_0.1;
T_0.0 ;
    %load/vec4 v0x55d4e4ac7460_0;
    %assign/vec4 v0x55d4e4ac32f0_0, 0;
    %load/vec4 v0x55d4e4abf180_0;
    %assign/vec4 v0x55d4e4b0d150_0, 0;
    %load/vec4 v0x55d4e4b0d570_0;
    %assign/vec4 v0x55d4e4b0d630_0, 0;
    %load/vec4 v0x55d4e4b0d570_0;
    %flag_set/vec4 8;
    %jmp/0xz  T_0.2, 8;
    %load/vec4 v0x55d4e4b0d230_0;
    %load/vec4 v0x55d4e4b0d3d0_0;
    %add;
    %assign/vec4 v0x55d4e4b0d230_0, 0;
T_0.2 ;
T_0.1 ;
    %jmp T_0;
    .thread T_0;
    .scope S_0x55d4e4b0e330;
T_1 ;
    %wait E_0x55d4e4a49c80;
    %load/vec4 v0x55d4e4b0f120_0;
    %flag_set/vec4 8;
    %jmp/0xz  T_1.0, 8;
    %pushi/vec4 0, 0, 32;
    %assign/vec4 v0x55d4e4b0eee0_0, 0;
    %pushi/vec4 0, 0, 1;
    %assign/vec4 v0x55d4e4b0f290_0, 0;
    %jmp T_1.1;
T_1.0 ;
    %load/vec4 v0x55d4e4b0eb10_0;
    %assign/vec4 v0x55d4e4b0ec40_0, 0;
    %load/vec4 v0x55d4e4b0ed20_0;
    %assign/vec4 v0x55d4e4b0ee00_0, 0;
    %load/vec4 v0x55d4e4b0f1f0_0;
    %assign/vec4 v0x55d4e4b0f290_0, 0;
    %load/vec4 v0x55d4e4b0f1f0_0;
    %flag_set/vec4 8;
    %jmp/0xz  T_1.2, 8;
    %load/vec4 v0x55d4e4b0eee0_0;
    %load/vec4 v0x55d4e4b0f060_0;
    %add;
    %assign/vec4 v0x55d4e4b0eee0_0, 0;
T_1.2 ;
T_1.1 ;
    %jmp T_1;
    .thread T_1;
    .scope S_0x55d4e4b0ff80;
T_2 ;
    %wait E_0x55d4e4a49c80;
    %load/vec4 v0x55d4e4b10d90_0;
    %flag_set/vec4 8;
    %jmp/0xz  T_2.0, 8;
    %pushi/vec4 0, 0, 32;
    %assign/vec4 v0x55d4e4b10b30_0, 0;
    %pushi/vec4 0, 0, 1;
    %assign/vec4 v0x55d4e4b10f40_0, 0;
    %jmp T_2.1;
T_2.0 ;
    %load/vec4 v0x55d4e4b10760_0;
    %assign/vec4 v0x55d4e4b10890_0, 0;
    %load/vec4 v0x55d4e4b10970_0;
    %assign/vec4 v0x55d4e4b10a50_0, 0;
    %load/vec4 v0x55d4e4b10e80_0;
    %assign/vec4 v0x55d4e4b10f40_0, 0;
    %load/vec4 v0x55d4e4b10e80_0;
    %flag_set/vec4 8;
    %jmp/0xz  T_2.2, 8;
    %load/vec4 v0x55d4e4b10b30_0;
    %load/vec4 v0x55d4e4b10cb0_0;
    %add;
    %assign/vec4 v0x55d4e4b10b30_0, 0;
T_2.2 ;
T_2.1 ;
    %jmp T_2;
    .thread T_2;
    .scope S_0x55d4e4b11be0;
T_3 ;
    %wait E_0x55d4e4a49c80;
    %load/vec4 v0x55d4e4b129f0_0;
    %flag_set/vec4 8;
    %jmp/0xz  T_3.0, 8;
    %pushi/vec4 0, 0, 32;
    %assign/vec4 v0x55d4e4b12790_0, 0;
    %pushi/vec4 0, 0, 1;
    %assign/vec4 v0x55d4e4b12b50_0, 0;
    %jmp T_3.1;
T_3.0 ;
    %load/vec4 v0x55d4e4b123c0_0;
    %assign/vec4 v0x55d4e4b124f0_0, 0;
    %load/vec4 v0x55d4e4b125d0_0;
    %assign/vec4 v0x55d4e4b126b0_0, 0;
    %load/vec4 v0x55d4e4b12a90_0;
    %assign/vec4 v0x55d4e4b12b50_0, 0;
    %load/vec4 v0x55d4e4b12a90_0;
    %flag_set/vec4 8;
    %jmp/0xz  T_3.2, 8;
    %load/vec4 v0x55d4e4b12790_0;
    %load/vec4 v0x55d4e4b12910_0;
    %add;
    %assign/vec4 v0x55d4e4b12790_0, 0;
T_3.2 ;
T_3.1 ;
    %jmp T_3;
    .thread T_3;
    .scope S_0x55d4e4b13ae0;
T_4 ;
    %wait E_0x55d4e4a49c80;
    %load/vec4 v0x55d4e4b14980_0;
    %flag_set/vec4 8;
    %jmp/0xz  T_4.0, 8;
    %pushi/vec4 0, 0, 32;
    %assign/vec4 v0x55d4e4b14690_0, 0;
    %pushi/vec4 0, 0, 1;
    %assign/vec4 v0x55d4e4b14b70_0, 0;
    %jmp T_4.1;
T_4.0 ;
    %load/vec4 v0x55d4e4b142c0_0;
    %assign/vec4 v0x55d4e4b143f0_0, 0;
    %load/vec4 v0x55d4e4b144d0_0;
    %assign/vec4 v0x55d4e4b145b0_0, 0;
    %load/vec4 v0x55d4e4b14ab0_0;
    %assign/vec4 v0x55d4e4b14b70_0, 0;
    %load/vec4 v0x55d4e4b14ab0_0;
    %flag_set/vec4 8;
    %jmp/0xz  T_4.2, 8;
    %load/vec4 v0x55d4e4b14690_0;
    %load/vec4 v0x55d4e4b148a0_0;
    %add;
    %assign/vec4 v0x55d4e4b14690_0, 0;
T_4.2 ;
T_4.1 ;
    %jmp T_4;
    .thread T_4;
    .scope S_0x55d4e4b15780;
T_5 ;
    %wait E_0x55d4e4a49c80;
    %load/vec4 v0x55d4e4b16590_0;
    %flag_set/vec4 8;
    %jmp/0xz  T_5.0, 8;
    %pushi/vec4 0, 0, 32;
    %assign/vec4 v0x55d4e4b16330_0, 0;
    %pushi/vec4 0, 0, 1;
    %assign/vec4 v0x55d4e4b166f0_0, 0;
    %jmp T_5.1;
T_5.0 ;
    %load/vec4 v0x55d4e4b15f60_0;
    %assign/vec4 v0x55d4e4b16090_0, 0;
    %load/vec4 v0x55d4e4b16170_0;
    %assign/vec4 v0x55d4e4b16250_0, 0;
    %load/vec4 v0x55d4e4b16630_0;
    %assign/vec4 v0x55d4e4b166f0_0, 0;
    %load/vec4 v0x55d4e4b16630_0;
    %flag_set/vec4 8;
    %jmp/0xz  T_5.2, 8;
    %load/vec4 v0x55d4e4b16330_0;
    %load/vec4 v0x55d4e4b164b0_0;
    %add;
    %assign/vec4 v0x55d4e4b16330_0, 0;
T_5.2 ;
T_5.1 ;
    %jmp T_5;
    .thread T_5;
    .scope S_0x55d4e4b173b0;
T_6 ;
    %wait E_0x55d4e4a49c80;
    %load/vec4 v0x55d4e4b181c0_0;
    %flag_set/vec4 8;
    %jmp/0xz  T_6.0, 8;
    %pushi/vec4 0, 0, 32;
    %assign/vec4 v0x55d4e4b17f60_0, 0;
    %pushi/vec4 0, 0, 1;
    %assign/vec4 v0x55d4e4b18320_0, 0;
    %jmp T_6.1;
T_6.0 ;
    %load/vec4 v0x55d4e4b17b90_0;
    %assign/vec4 v0x55d4e4b17cc0_0, 0;
    %load/vec4 v0x55d4e4b17da0_0;
    %assign/vec4 v0x55d4e4b17e80_0, 0;
    %load/vec4 v0x55d4e4b18260_0;
    %assign/vec4 v0x55d4e4b18320_0, 0;
    %load/vec4 v0x55d4e4b18260_0;
    %flag_set/vec4 8;
    %jmp/0xz  T_6.2, 8;
    %load/vec4 v0x55d4e4b17f60_0;
    %load/vec4 v0x55d4e4b180e0_0;
    %add;
    %assign/vec4 v0x55d4e4b17f60_0, 0;
T_6.2 ;
T_6.1 ;
    %jmp T_6;
    .thread T_6;
    .scope S_0x55d4e4b18fd0;
T_7 ;
    %wait E_0x55d4e4a49c80;
    %load/vec4 v0x55d4e4b19de0_0;
    %flag_set/vec4 8;
    %jmp/0xz  T_7.0, 8;
    %pushi/vec4 0, 0, 32;
    %assign/vec4 v0x55d4e4b19b80_0, 0;
    %pushi/vec4 0, 0, 1;
    %assign/vec4 v0x55d4e4b19f40_0, 0;
    %jmp T_7.1;
T_7.0 ;
    %load/vec4 v0x55d4e4b197b0_0;
    %assign/vec4 v0x55d4e4b198e0_0, 0;
    %load/vec4 v0x55d4e4b199c0_0;
    %assign/vec4 v0x55d4e4b19aa0_0, 0;
    %load/vec4 v0x55d4e4b19e80_0;
    %assign/vec4 v0x55d4e4b19f40_0, 0;
    %load/vec4 v0x55d4e4b19e80_0;
    %flag_set/vec4 8;
    %jmp/0xz  T_7.2, 8;
    %load/vec4 v0x55d4e4b19b80_0;
    %load/vec4 v0x55d4e4b19d00_0;
    %add;
    %assign/vec4 v0x55d4e4b19b80_0, 0;
T_7.2 ;
T_7.1 ;
    %jmp T_7;
    .thread T_7;
    .scope S_0x55d4e4b1aee0;
T_8 ;
    %wait E_0x55d4e4a49c80;
    %load/vec4 v0x55d4e4b1bcf0_0;
    %flag_set/vec4 8;
    %jmp/0xz  T_8.0, 8;
    %pushi/vec4 0, 0, 32;
    %assign/vec4 v0x55d4e4b1ba90_0, 0;
    %pushi/vec4 0, 0, 1;
    %assign/vec4 v0x55d4e4b1be50_0, 0;
    %jmp T_8.1;
T_8.0 ;
    %load/vec4 v0x55d4e4b1b6c0_0;
    %assign/vec4 v0x55d4e4b1b7f0_0, 0;
    %load/vec4 v0x55d4e4b1b8d0_0;
    %assign/vec4 v0x55d4e4b1b9b0_0, 0;
    %load/vec4 v0x55d4e4b1bd90_0;
    %assign/vec4 v0x55d4e4b1be50_0, 0;
    %load/vec4 v0x55d4e4b1bd90_0;
    %flag_set/vec4 8;
    %jmp/0xz  T_8.2, 8;
    %load/vec4 v0x55d4e4b1ba90_0;
    %load/vec4 v0x55d4e4b1bc10_0;
    %add;
    %assign/vec4 v0x55d4e4b1ba90_0, 0;
T_8.2 ;
T_8.1 ;
    %jmp T_8;
    .thread T_8;
    .scope S_0x55d4e4b1cb00;
T_9 ;
    %wait E_0x55d4e4a49c80;
    %load/vec4 v0x55d4e4b1d880_0;
    %flag_set/vec4 8;
    %jmp/0xz  T_9.0, 8;
    %pushi/vec4 0, 0, 32;
    %assign/vec4 v0x55d4e4b1d620_0, 0;
    %pushi/vec4 0, 0, 1;
    %assign/vec4 v0x55d4e4b1d9e0_0, 0;
    %jmp T_9.1;
T_9.0 ;
    %load/vec4 v0x55d4e4b1d250_0;
    %assign/vec4 v0x55d4e4b1d380_0, 0;
    %load/vec4 v0x55d4e4b1d460_0;
    %assign/vec4 v0x55d4e4b1d540_0, 0;
    %load/vec4 v0x55d4e4b1d920_0;
    %assign/vec4 v0x55d4e4b1d9e0_0, 0;
    %load/vec4 v0x55d4e4b1d920_0;
    %flag_set/vec4 8;
    %jmp/0xz  T_9.2, 8;
    %load/vec4 v0x55d4e4b1d620_0;
    %load/vec4 v0x55d4e4b1d7a0_0;
    %add;
    %assign/vec4 v0x55d4e4b1d620_0, 0;
T_9.2 ;
T_9.1 ;
    %jmp T_9;
    .thread T_9;
    .scope S_0x55d4e4b1e6a0;
T_10 ;
    %wait E_0x55d4e4a49c80;
    %load/vec4 v0x55d4e4b1f420_0;
    %flag_set/vec4 8;
    %jmp/0xz  T_10.0, 8;
    %pushi/vec4 0, 0, 32;
    %assign/vec4 v0x55d4e4b1f1c0_0, 0;
    %pushi/vec4 0, 0, 1;
    %assign/vec4 v0x55d4e4b1f580_0, 0;
    %jmp T_10.1;
T_10.0 ;
    %load/vec4 v0x55d4e4b1edf0_0;
    %assign/vec4 v0x55d4e4b1ef20_0, 0;
    %load/vec4 v0x55d4e4b1f000_0;
    %assign/vec4 v0x55d4e4b1f0e0_0, 0;
    %load/vec4 v0x55d4e4b1f4c0_0;
    %assign/vec4 v0x55d4e4b1f580_0, 0;
    %load/vec4 v0x55d4e4b1f4c0_0;
    %flag_set/vec4 8;
    %jmp/0xz  T_10.2, 8;
    %load/vec4 v0x55d4e4b1f1c0_0;
    %load/vec4 v0x55d4e4b1f340_0;
    %add;
    %assign/vec4 v0x55d4e4b1f1c0_0, 0;
T_10.2 ;
T_10.1 ;
    %jmp T_10;
    .thread T_10;
    .scope S_0x55d4e4b20230;
T_11 ;
    %wait E_0x55d4e4a49c80;
    %load/vec4 v0x55d4e4b21040_0;
    %flag_set/vec4 8;
    %jmp/0xz  T_11.0, 8;
    %pushi/vec4 0, 0, 32;
    %assign/vec4 v0x55d4e4b20de0_0, 0;
    %pushi/vec4 0, 0, 1;
    %assign/vec4 v0x55d4e4b211a0_0, 0;
    %jmp T_11.1;
T_11.0 ;
    %load/vec4 v0x55d4e4b20a10_0;
    %assign/vec4 v0x55d4e4b20b40_0, 0;
    %load/vec4 v0x55d4e4b20c20_0;
    %assign/vec4 v0x55d4e4b20d00_0, 0;
    %load/vec4 v0x55d4e4b210e0_0;
    %assign/vec4 v0x55d4e4b211a0_0, 0;
    %load/vec4 v0x55d4e4b210e0_0;
    %flag_set/vec4 8;
    %jmp/0xz  T_11.2, 8;
    %load/vec4 v0x55d4e4b20de0_0;
    %load/vec4 v0x55d4e4b20f60_0;
    %add;
    %assign/vec4 v0x55d4e4b20de0_0, 0;
T_11.2 ;
T_11.1 ;
    %jmp T_11;
    .thread T_11;
    .scope S_0x55d4e4b22130;
T_12 ;
    %wait E_0x55d4e4a49c80;
    %load/vec4 v0x55d4e4b22f40_0;
    %flag_set/vec4 8;
    %jmp/0xz  T_12.0, 8;
    %pushi/vec4 0, 0, 32;
    %assign/vec4 v0x55d4e4b22ce0_0, 0;
    %pushi/vec4 0, 0, 1;
    %assign/vec4 v0x55d4e4b230a0_0, 0;
    %jmp T_12.1;
T_12.0 ;
    %load/vec4 v0x55d4e4b22910_0;
    %assign/vec4 v0x55d4e4b22a40_0, 0;
    %load/vec4 v0x55d4e4b22b20_0;
    %assign/vec4 v0x55d4e4b22c00_0, 0;
    %load/vec4 v0x55d4e4b22fe0_0;
    %assign/vec4 v0x55d4e4b230a0_0, 0;
    %load/vec4 v0x55d4e4b22fe0_0;
    %flag_set/vec4 8;
    %jmp/0xz  T_12.2, 8;
    %load/vec4 v0x55d4e4b22ce0_0;
    %load/vec4 v0x55d4e4b22e60_0;
    %add;
    %assign/vec4 v0x55d4e4b22ce0_0, 0;
T_12.2 ;
T_12.1 ;
    %jmp T_12;
    .thread T_12;
    .scope S_0x55d4e4b23d50;
T_13 ;
    %wait E_0x55d4e4a49c80;
    %load/vec4 v0x55d4e4b24b60_0;
    %flag_set/vec4 8;
    %jmp/0xz  T_13.0, 8;
    %pushi/vec4 0, 0, 32;
    %assign/vec4 v0x55d4e4b24900_0, 0;
    %pushi/vec4 0, 0, 1;
    %assign/vec4 v0x55d4e4b24cc0_0, 0;
    %jmp T_13.1;
T_13.0 ;
    %load/vec4 v0x55d4e4b24530_0;
    %assign/vec4 v0x55d4e4b24660_0, 0;
    %load/vec4 v0x55d4e4b24740_0;
    %assign/vec4 v0x55d4e4b24820_0, 0;
    %load/vec4 v0x55d4e4b24c00_0;
    %assign/vec4 v0x55d4e4b24cc0_0, 0;
    %load/vec4 v0x55d4e4b24c00_0;
    %flag_set/vec4 8;
    %jmp/0xz  T_13.2, 8;
    %load/vec4 v0x55d4e4b24900_0;
    %load/vec4 v0x55d4e4b24a80_0;
    %add;
    %assign/vec4 v0x55d4e4b24900_0, 0;
T_13.2 ;
T_13.1 ;
    %jmp T_13;
    .thread T_13;
    .scope S_0x55d4e4b25980;
T_14 ;
    %wait E_0x55d4e4a49c80;
    %load/vec4 v0x55d4e4b26790_0;
    %flag_set/vec4 8;
    %jmp/0xz  T_14.0, 8;
    %pushi/vec4 0, 0, 32;
    %assign/vec4 v0x55d4e4b26530_0, 0;
    %pushi/vec4 0, 0, 1;
    %assign/vec4 v0x55d4e4b268f0_0, 0;
    %jmp T_14.1;
T_14.0 ;
    %load/vec4 v0x55d4e4b26160_0;
    %assign/vec4 v0x55d4e4b26290_0, 0;
    %load/vec4 v0x55d4e4b26370_0;
    %assign/vec4 v0x55d4e4b26450_0, 0;
    %load/vec4 v0x55d4e4b26830_0;
    %assign/vec4 v0x55d4e4b268f0_0, 0;
    %load/vec4 v0x55d4e4b26830_0;
    %flag_set/vec4 8;
    %jmp/0xz  T_14.2, 8;
    %load/vec4 v0x55d4e4b26530_0;
    %load/vec4 v0x55d4e4b266b0_0;
    %add;
    %assign/vec4 v0x55d4e4b26530_0, 0;
T_14.2 ;
T_14.1 ;
    %jmp T_14;
    .thread T_14;
    .scope S_0x55d4e4b275a0;
T_15 ;
    %wait E_0x55d4e4a49c80;
    %load/vec4 v0x55d4e4b283b0_0;
    %flag_set/vec4 8;
    %jmp/0xz  T_15.0, 8;
    %pushi/vec4 0, 0, 32;
    %assign/vec4 v0x55d4e4b28150_0, 0;
    %pushi/vec4 0, 0, 1;
    %assign/vec4 v0x55d4e4b28510_0, 0;
    %jmp T_15.1;
T_15.0 ;
    %load/vec4 v0x55d4e4b27d80_0;
    %assign/vec4 v0x55d4e4b27eb0_0, 0;
    %load/vec4 v0x55d4e4b27f90_0;
    %assign/vec4 v0x55d4e4b28070_0, 0;
    %load/vec4 v0x55d4e4b28450_0;
    %assign/vec4 v0x55d4e4b28510_0, 0;
    %load/vec4 v0x55d4e4b28450_0;
    %flag_set/vec4 8;
    %jmp/0xz  T_15.2, 8;
    %load/vec4 v0x55d4e4b28150_0;
    %load/vec4 v0x55d4e4b282d0_0;
    %add;
    %assign/vec4 v0x55d4e4b28150_0, 0;
T_15.2 ;
T_15.1 ;
    %jmp T_15;
    .thread T_15;
    .scope S_0x55d4e4ac8e60;
T_16 ;
    %delay 5000, 0;
    %load/vec4 v0x55d4e4b2a6b0_0;
    %inv;
    %store/vec4 v0x55d4e4b2a6b0_0, 0, 1;
    %jmp T_16;
    .thread T_16;
    .scope S_0x55d4e4ac8e60;
T_17 ;
    %vpi_call/w 3 36 "$dumpfile", "4x4_dump.vcd" {0 0 0};
    %vpi_call/w 3 37 "$dumpvars", 32'sb00000000000000000000000000000000, S_0x55d4e4ac8e60 {0 0 0};
    %pushi/vec4 0, 0, 1;
    %store/vec4 v0x55d4e4b2a6b0_0, 0, 1;
    %pushi/vec4 1, 0, 1;
    %store/vec4 v0x55d4e4b2a7f0_0, 0, 1;
    %pushi/vec4 0, 0, 1;
    %store/vec4 v0x55d4e4b2a890_0, 0, 1;
    %pushi/vec4 0, 0, 32;
    %store/vec4 v0x55d4e4b2a750_0, 0, 32;
T_17.0 ;
    %load/vec4 v0x55d4e4b2a750_0;
    %cmpi/s 4, 0, 32;
    %jmp/0xz T_17.1, 5;
    %pushi/vec4 0, 0, 16;
    %ix/getv/s 4, v0x55d4e4b2a750_0;
    %store/vec4a v0x55d4e4b2a3b0, 4, 0;
    %pushi/vec4 0, 0, 16;
    %ix/getv/s 4, v0x55d4e4b2a750_0;
    %store/vec4a v0x55d4e4b2a480, 4, 0;
    %load/vec4 v0x55d4e4b2a750_0;
    %addi 1, 0, 32;
    %store/vec4 v0x55d4e4b2a750_0, 0, 32;
    %jmp T_17.0;
T_17.1 ;
    %delay 20000, 0;
    %pushi/vec4 0, 0, 1;
    %store/vec4 v0x55d4e4b2a7f0_0, 0, 1;
    %wait E_0x55d4e4a49c80;
    %pushi/vec4 1, 0, 1;
    %store/vec4 v0x55d4e4b2a890_0, 0, 1;
    %pushi/vec4 1, 0, 16;
    %ix/load 4, 0, 0;
    %flag_set/imm 4, 0;
    %store/vec4a v0x55d4e4b2a3b0, 4, 0;
    %pushi/vec4 2, 0, 16;
    %ix/load 4, 1, 0;
    %flag_set/imm 4, 0;
    %store/vec4a v0x55d4e4b2a3b0, 4, 0;
    %pushi/vec4 3, 0, 16;
    %ix/load 4, 2, 0;
    %flag_set/imm 4, 0;
    %store/vec4a v0x55d4e4b2a3b0, 4, 0;
    %pushi/vec4 4, 0, 16;
    %ix/load 4, 3, 0;
    %flag_set/imm 4, 0;
    %store/vec4a v0x55d4e4b2a3b0, 4, 0;
    %pushi/vec4 5, 0, 16;
    %ix/load 4, 0, 0;
    %flag_set/imm 4, 0;
    %store/vec4a v0x55d4e4b2a480, 4, 0;
    %pushi/vec4 6, 0, 16;
    %ix/load 4, 1, 0;
    %flag_set/imm 4, 0;
    %store/vec4a v0x55d4e4b2a480, 4, 0;
    %pushi/vec4 7, 0, 16;
    %ix/load 4, 2, 0;
    %flag_set/imm 4, 0;
    %store/vec4a v0x55d4e4b2a480, 4, 0;
    %pushi/vec4 8, 0, 16;
    %ix/load 4, 3, 0;
    %flag_set/imm 4, 0;
    %store/vec4a v0x55d4e4b2a480, 4, 0;
    %wait E_0x55d4e4a49c80;
    %pushi/vec4 0, 0, 1;
    %store/vec4 v0x55d4e4b2a890_0, 0, 1;
    %pushi/vec4 12, 0, 32;
T_17.2 %dup/vec4;
    %pushi/vec4 0, 0, 32;
    %cmp/s;
    %jmp/1xz T_17.3, 5;
    %jmp/1 T_17.3, 4;
    %pushi/vec4 1, 0, 32;
    %sub;
    %wait E_0x55d4e4a49c80;
    %jmp T_17.2;
T_17.3 ;
    %pop/vec4 1;
    %vpi_call/w 3 70 "$display", "Bottom-right PE C value: %d", v0x55d4e4b2a550_15 {0 0 0};
    %vpi_call/w 3 71 "$finish" {0 0 0};
    %end;
    .thread T_17;
# The file index is used to find the file name in the following table.
:file_names 6;
    "N/A";
    "<interactive>";
    "-";
    "tests/systolic_array_4x4_tb.v";
    "src/systolic_array_4x4.v";
    "src/pe.v";
